{"__type":"$$EventMessageWorkflow","id":"0f032286-bcb7-49ff-95ae-6b6c0dea3864","ts":"2025-09-06T08:25:59.802+00:00","eventName":"n8n.workflow.started","message":"n8n.workflow.started","payload":{"executionId":"11","workflowId":"ezV7uzO7Ca3v1bpM","isManual":false,"workflowName":"My workflow"}}
{"__type":"$$EventMessageConfirm","confirm":"0f032286-bcb7-49ff-95ae-6b6c0dea3864","ts":"2025-09-06T08:25:59.802+00:00","source":{"id":"0","name":"eventBus"}}
{"__type":"$$EventMessageNode","id":"95403c4c-6780-4fe8-93aa-8e42ed1d7ba3","ts":"2025-09-06T08:25:59.804+00:00","eventName":"n8n.node.started","message":"n8n.node.started","payload":{"workflowId":"ezV7uzO7Ca3v1bpM","workflowName":"My workflow","executionId":"11","nodeType":"n8n-nodes-base.manualTrigger","nodeName":"When clicking ‘Execute workflow’","nodeId":"96055a7b-5766-4a25-8063-d79b4617c915"}}
{"__type":"$$EventMessageConfirm","confirm":"95403c4c-6780-4fe8-93aa-8e42ed1d7ba3","ts":"2025-09-06T08:25:59.804+00:00","source":{"id":"0","name":"eventBus"}}
{"__type":"$$EventMessageNode","id":"ca5231fa-ee15-428e-827c-cc21c077198b","ts":"2025-09-06T08:25:59.807+00:00","eventName":"n8n.node.finished","message":"n8n.node.finished","payload":{"workflowId":"ezV7uzO7Ca3v1bpM","workflowName":"My workflow","executionId":"11","nodeType":"n8n-nodes-base.manualTrigger","nodeName":"When clicking ‘Execute workflow’","nodeId":"96055a7b-5766-4a25-8063-d79b4617c915"}}
{"__type":"$$EventMessageConfirm","confirm":"ca5231fa-ee15-428e-827c-cc21c077198b","ts":"2025-09-06T08:25:59.807+00:00","source":{"id":"0","name":"eventBus"}}
{"__type":"$$EventMessageNode","id":"bb8d7e3b-aef0-4dda-86b0-42db10a1d4e6","ts":"2025-09-06T08:25:59.808+00:00","eventName":"n8n.node.started","message":"n8n.node.started","payload":{"workflowId":"ezV7uzO7Ca3v1bpM","workflowName":"My workflow","executionId":"11","nodeType":"n8n-nodes-base.httpRequest","nodeName":"HTTP Request","nodeId":"22cbe1be-c274-4706-8528-8fef01e12bc3"}}
{"__type":"$$EventMessageConfirm","confirm":"bb8d7e3b-aef0-4dda-86b0-42db10a1d4e6","ts":"2025-09-06T08:25:59.808+00:00","source":{"id":"0","name":"eventBus"}}
{"__type":"$$EventMessageNode","id":"245c1b40-aca1-4a2d-b3d6-34a30840eba8","ts":"2025-09-06T04:26:00.038-04:00","eventName":"n8n.node.finished","message":"n8n.node.finished","payload":{"workflowId":"ezV7uzO7Ca3v1bpM","workflowName":"My workflow","executionId":"11","nodeType":"n8n-nodes-base.httpRequest","nodeName":"HTTP Request","nodeId":"22cbe1be-c274-4706-8528-8fef01e12bc3"}}
{"__type":"$$EventMessageConfirm","confirm":"245c1b40-aca1-4a2d-b3d6-34a30840eba8","ts":"2025-09-06T04:26:00.038-04:00","source":{"id":"0","name":"eventBus"}}
{"__type":"$$EventMessageNode","id":"aeed768a-c385-48f0-8eee-30d2d13f8d0a","ts":"2025-09-06T04:26:00.039-04:00","eventName":"n8n.node.started","message":"n8n.node.started","payload":{"workflowId":"ezV7uzO7Ca3v1bpM","workflowName":"My workflow","executionId":"11","nodeType":"n8n-nodes-base.code","nodeName":"Code","nodeId":"69bcbca9-4718-4ef2-9510-f87c2ad554fd"}}
{"__type":"$$EventMessageConfirm","confirm":"aeed768a-c385-48f0-8eee-30d2d13f8d0a","ts":"2025-09-06T04:26:00.040-04:00","source":{"id":"0","name":"eventBus"}}
{"__type":"$$EventMessageNode","id":"da16875f-79b1-4f97-97c8-e599bfb5265c","ts":"2025-09-06T04:26:00.061-04:00","eventName":"n8n.node.finished","message":"n8n.node.finished","payload":{"workflowId":"ezV7uzO7Ca3v1bpM","workflowName":"My workflow","executionId":"11","nodeType":"n8n-nodes-base.code","nodeName":"Code","nodeId":"69bcbca9-4718-4ef2-9510-f87c2ad554fd"}}
{"__type":"$$EventMessageConfirm","confirm":"da16875f-79b1-4f97-97c8-e599bfb5265c","ts":"2025-09-06T04:26:00.061-04:00","source":{"id":"0","name":"eventBus"}}
{"__type":"$$EventMessageWorkflow","id":"f8cb1dc5-b539-40a9-9c99-7f54773c0cc7","ts":"2025-09-06T04:26:00.066-04:00","eventName":"n8n.workflow.success","message":"n8n.workflow.success","payload":{"userId":"81924529-6ae8-486d-9bbf-cbd057d14296","executionId":"11","success":true,"isManual":true,"workflowId":"ezV7uzO7Ca3v1bpM","workflowName":"My workflow"}}
{"__type":"$$EventMessageConfirm","confirm":"f8cb1dc5-b539-40a9-9c99-7f54773c0cc7","ts":"2025-09-06T04:26:00.066-04:00","source":{"id":"0","name":"eventBus"}}
{"__type":"$$EventMessageAudit","id":"80a6701e-64ba-4955-b610-55d73460a35b","ts":"2025-09-06T04:29:20.111-04:00","eventName":"n8n.audit.workflow.updated","message":"n8n.audit.workflow.updated","payload":{"userId":"81924529-6ae8-486d-9bbf-cbd057d14296","_email":"znosok.radomir.d@gmail.com","_firstName":"Радомир","_lastName":"Зносок","globalRole":"global:owner","workflowId":"ezV7uzO7Ca3v1bpM","workflowName":"My workflow"}}
{"__type":"$$EventMessageConfirm","confirm":"80a6701e-64ba-4955-b610-55d73460a35b","ts":"2025-09-06T04:29:20.112-04:00","source":{"id":"0","name":"eventBus"}}
{"__type":"$$EventMessageWorkflow","id":"c3493d6c-97e7-49a5-a1f4-5741ad5cfdcc","ts":"2025-09-06T04:29:28.049-04:00","eventName":"n8n.workflow.started","message":"n8n.workflow.started","payload":{"executionId":"12","workflowId":"ezV7uzO7Ca3v1bpM","isManual":false,"workflowName":"My workflow"}}
{"__type":"$$EventMessageConfirm","confirm":"c3493d6c-97e7-49a5-a1f4-5741ad5cfdcc","ts":"2025-09-06T04:29:28.049-04:00","source":{"id":"0","name":"eventBus"}}
{"__type":"$$EventMessageNode","id":"f927e000-f1cd-41e8-9ea5-0315d93be279","ts":"2025-09-06T04:29:28.049-04:00","eventName":"n8n.node.started","message":"n8n.node.started","payload":{"workflowId":"ezV7uzO7Ca3v1bpM","workflowName":"My workflow","executionId":"12","nodeType":"n8n-nodes-base.manualTrigger","nodeName":"When clicking ‘Execute workflow’","nodeId":"96055a7b-5766-4a25-8063-d79b4617c915"}}
{"__type":"$$EventMessageConfirm","confirm":"f927e000-f1cd-41e8-9ea5-0315d93be279","ts":"2025-09-06T04:29:28.050-04:00","source":{"id":"0","name":"eventBus"}}
{"__type":"$$EventMessageNode","id":"096fd0a5-4285-41d5-ba8a-2d0208f8a291","ts":"2025-09-06T04:29:28.050-04:00","eventName":"n8n.node.finished","message":"n8n.node.finished","payload":{"workflowId":"ezV7uzO7Ca3v1bpM","workflowName":"My workflow","executionId":"12","nodeType":"n8n-nodes-base.manualTrigger","nodeName":"When clicking ‘Execute workflow’","nodeId":"96055a7b-5766-4a25-8063-d79b4617c915"}}
{"__type":"$$EventMessageConfirm","confirm":"096fd0a5-4285-41d5-ba8a-2d0208f8a291","ts":"2025-09-06T04:29:28.051-04:00","source":{"id":"0","name":"eventBus"}}
{"__type":"$$EventMessageNode","id":"9aeb5a98-56ef-426c-b591-e30c4e883ae0","ts":"2025-09-06T04:29:28.051-04:00","eventName":"n8n.node.started","message":"n8n.node.started","payload":{"workflowId":"ezV7uzO7Ca3v1bpM","workflowName":"My workflow","executionId":"12","nodeType":"n8n-nodes-base.httpRequest","nodeName":"HTTP Request","nodeId":"22cbe1be-c274-4706-8528-8fef01e12bc3"}}
{"__type":"$$EventMessageConfirm","confirm":"9aeb5a98-56ef-426c-b591-e30c4e883ae0","ts":"2025-09-06T04:29:28.051-04:00","source":{"id":"0","name":"eventBus"}}
{"__type":"$$EventMessageNode","id":"a4164135-6fb5-4680-be0f-8685d9fe75ee","ts":"2025-09-06T04:29:36.126-04:00","eventName":"n8n.node.finished","message":"n8n.node.finished","payload":{"workflowId":"ezV7uzO7Ca3v1bpM","workflowName":"My workflow","executionId":"12","nodeType":"n8n-nodes-base.httpRequest","nodeName":"HTTP Request","nodeId":"22cbe1be-c274-4706-8528-8fef01e12bc3"}}
{"__type":"$$EventMessageConfirm","confirm":"a4164135-6fb5-4680-be0f-8685d9fe75ee","ts":"2025-09-06T04:29:36.126-04:00","source":{"id":"0","name":"eventBus"}}
{"__type":"$$EventMessageNode","id":"4010720c-0940-4e9b-bfc9-0a3e6c8a5b22","ts":"2025-09-06T04:29:36.129-04:00","eventName":"n8n.node.started","message":"n8n.node.started","payload":{"workflowId":"ezV7uzO7Ca3v1bpM","workflowName":"My workflow","executionId":"12","nodeType":"n8n-nodes-base.code","nodeName":"Code","nodeId":"69bcbca9-4718-4ef2-9510-f87c2ad554fd"}}
{"__type":"$$EventMessageConfirm","confirm":"4010720c-0940-4e9b-bfc9-0a3e6c8a5b22","ts":"2025-09-06T04:29:36.130-04:00","source":{"id":"0","name":"eventBus"}}
{"__type":"$$EventMessageNode","id":"fbe92d8d-7977-42be-88e3-0b27ccdb1f6e","ts":"2025-09-06T04:29:36.135-04:00","eventName":"n8n.node.finished","message":"n8n.node.finished","payload":{"workflowId":"ezV7uzO7Ca3v1bpM","workflowName":"My workflow","executionId":"12","nodeType":"n8n-nodes-base.code","nodeName":"Code","nodeId":"69bcbca9-4718-4ef2-9510-f87c2ad554fd"}}
{"__type":"$$EventMessageConfirm","confirm":"fbe92d8d-7977-42be-88e3-0b27ccdb1f6e","ts":"2025-09-06T04:29:36.135-04:00","source":{"id":"0","name":"eventBus"}}
{"__type":"$$EventMessageWorkflow","id":"736fa1fa-1de8-413a-aed0-496872ae02ec","ts":"2025-09-06T04:29:36.139-04:00","eventName":"n8n.workflow.success","message":"n8n.workflow.success","payload":{"userId":"81924529-6ae8-486d-9bbf-cbd057d14296","executionId":"12","success":true,"isManual":true,"workflowId":"ezV7uzO7Ca3v1bpM","workflowName":"My workflow"}}
{"__type":"$$EventMessageConfirm","confirm":"736fa1fa-1de8-413a-aed0-496872ae02ec","ts":"2025-09-06T04:29:36.139-04:00","source":{"id":"0","name":"eventBus"}}
{"__type":"$$EventMessageAudit","id":"c7f0bf86-277a-4ff0-9e0f-580099545b02","ts":"2025-09-06T04:35:15.496-04:00","eventName":"n8n.audit.workflow.updated","message":"n8n.audit.workflow.updated","payload":{"userId":"81924529-6ae8-486d-9bbf-cbd057d14296","_email":"znosok.radomir.d@gmail.com","_firstName":"Радомир","_lastName":"Зносок","globalRole":"global:owner","workflowId":"ezV7uzO7Ca3v1bpM","workflowName":"My workflow"}}
{"__type":"$$EventMessageConfirm","confirm":"c7f0bf86-277a-4ff0-9e0f-580099545b02","ts":"2025-09-06T04:35:15.496-04:00","source":{"id":"0","name":"eventBus"}}
{"__type":"$$EventMessageAudit","id":"22381941-a226-422e-83fa-ecb4508417d4","ts":"2025-09-06T04:35:39.745-04:00","eventName":"n8n.audit.workflow.updated","message":"n8n.audit.workflow.updated","payload":{"userId":"81924529-6ae8-486d-9bbf-cbd057d14296","_email":"znosok.radomir.d@gmail.com","_firstName":"Радомир","_lastName":"Зносок","globalRole":"global:owner","workflowId":"ezV7uzO7Ca3v1bpM","workflowName":"My workflow"}}
{"__type":"$$EventMessageConfirm","confirm":"22381941-a226-422e-83fa-ecb4508417d4","ts":"2025-09-06T04:35:39.745-04:00","source":{"id":"0","name":"eventBus"}}
{"__type":"$$EventMessageWorkflow","id":"9d9a1bad-1606-4201-becb-2d79b62a0330","ts":"2025-09-06T04:35:44.455-04:00","eventName":"n8n.workflow.started","message":"n8n.workflow.started","payload":{"executionId":"13","workflowId":"ezV7uzO7Ca3v1bpM","isManual":false,"workflowName":"My workflow"}}
{"__type":"$$EventMessageConfirm","confirm":"9d9a1bad-1606-4201-becb-2d79b62a0330","ts":"2025-09-06T04:35:44.455-04:00","source":{"id":"0","name":"eventBus"}}
{"__type":"$$EventMessageNode","id":"859eff77-f92c-4cf7-b7af-40c492ef2d50","ts":"2025-09-06T04:35:44.456-04:00","eventName":"n8n.node.started","message":"n8n.node.started","payload":{"workflowId":"ezV7uzO7Ca3v1bpM","workflowName":"My workflow","executionId":"13","nodeType":"n8n-nodes-base.manualTrigger","nodeName":"When clicking ‘Execute workflow’","nodeId":"96055a7b-5766-4a25-8063-d79b4617c915"}}
{"__type":"$$EventMessageConfirm","confirm":"859eff77-f92c-4cf7-b7af-40c492ef2d50","ts":"2025-09-06T04:35:44.456-04:00","source":{"id":"0","name":"eventBus"}}
{"__type":"$$EventMessageNode","id":"5592acf3-7f79-4c3d-9b33-33cb28b482b1","ts":"2025-09-06T04:35:44.458-04:00","eventName":"n8n.node.finished","message":"n8n.node.finished","payload":{"workflowId":"ezV7uzO7Ca3v1bpM","workflowName":"My workflow","executionId":"13","nodeType":"n8n-nodes-base.manualTrigger","nodeName":"When clicking ‘Execute workflow’","nodeId":"96055a7b-5766-4a25-8063-d79b4617c915"}}
{"__type":"$$EventMessageConfirm","confirm":"5592acf3-7f79-4c3d-9b33-33cb28b482b1","ts":"2025-09-06T04:35:44.458-04:00","source":{"id":"0","name":"eventBus"}}
{"__type":"$$EventMessageNode","id":"ff5dcdba-8b85-4b82-8e30-659df7649db1","ts":"2025-09-06T04:35:44.458-04:00","eventName":"n8n.node.started","message":"n8n.node.started","payload":{"workflowId":"ezV7uzO7Ca3v1bpM","workflowName":"My workflow","executionId":"13","nodeType":"n8n-nodes-base.httpRequest","nodeName":"HTTP Request","nodeId":"22cbe1be-c274-4706-8528-8fef01e12bc3"}}
{"__type":"$$EventMessageConfirm","confirm":"ff5dcdba-8b85-4b82-8e30-659df7649db1","ts":"2025-09-06T04:35:44.459-04:00","source":{"id":"0","name":"eventBus"}}
{"__type":"$$EventMessageNode","id":"444af60b-bd06-4125-bd62-35b9db94747e","ts":"2025-09-06T04:35:50.723-04:00","eventName":"n8n.node.finished","message":"n8n.node.finished","payload":{"workflowId":"ezV7uzO7Ca3v1bpM","workflowName":"My workflow","executionId":"13","nodeType":"n8n-nodes-base.httpRequest","nodeName":"HTTP Request","nodeId":"22cbe1be-c274-4706-8528-8fef01e12bc3"}}
{"__type":"$$EventMessageConfirm","confirm":"444af60b-bd06-4125-bd62-35b9db94747e","ts":"2025-09-06T04:35:50.723-04:00","source":{"id":"0","name":"eventBus"}}
{"__type":"$$EventMessageNode","id":"2347bbf1-5381-4ced-b822-d4cd75f60a56","ts":"2025-09-06T04:35:50.724-04:00","eventName":"n8n.node.started","message":"n8n.node.started","payload":{"workflowId":"ezV7uzO7Ca3v1bpM","workflowName":"My workflow","executionId":"13","nodeType":"n8n-nodes-base.code","nodeName":"Code","nodeId":"69bcbca9-4718-4ef2-9510-f87c2ad554fd"}}
{"__type":"$$EventMessageConfirm","confirm":"2347bbf1-5381-4ced-b822-d4cd75f60a56","ts":"2025-09-06T04:35:50.725-04:00","source":{"id":"0","name":"eventBus"}}
{"__type":"$$EventMessageNode","id":"5f594d31-0d02-455a-aa7d-cb8d890cb1c2","ts":"2025-09-06T04:35:50.732-04:00","eventName":"n8n.node.finished","message":"n8n.node.finished","payload":{"workflowId":"ezV7uzO7Ca3v1bpM","workflowName":"My workflow","executionId":"13","nodeType":"n8n-nodes-base.code","nodeName":"Code","nodeId":"69bcbca9-4718-4ef2-9510-f87c2ad554fd"}}
{"__type":"$$EventMessageConfirm","confirm":"5f594d31-0d02-455a-aa7d-cb8d890cb1c2","ts":"2025-09-06T04:35:50.732-04:00","source":{"id":"0","name":"eventBus"}}
{"__type":"$$EventMessageWorkflow","id":"da97ca0e-3343-4e71-b0e9-a3578c0d954d","ts":"2025-09-06T04:35:50.733-04:00","eventName":"n8n.workflow.success","message":"n8n.workflow.success","payload":{"userId":"81924529-6ae8-486d-9bbf-cbd057d14296","executionId":"13","success":true,"isManual":true,"workflowId":"ezV7uzO7Ca3v1bpM","workflowName":"My workflow"}}
{"__type":"$$EventMessageConfirm","confirm":"da97ca0e-3343-4e71-b0e9-a3578c0d954d","ts":"2025-09-06T04:35:50.734-04:00","source":{"id":"0","name":"eventBus"}}
