{"__type":"$$EventMessageAudit","id":"fe1193ef-8361-4927-a578-cda5a7bd42c9","ts":"2025-09-17T08:25:40.253+00:00","eventName":"n8n.audit.workflow.updated","message":"n8n.audit.workflow.updated","payload":{"userId":"81924529-6ae8-486d-9bbf-cbd057d14296","_email":"znosok.radomir.d@gmail.com","_firstName":"Радомир","_lastName":"Зносок","globalRole":"global:owner","workflowId":"ezV7uzO7Ca3v1bpM","workflowName":"My workflow"}}
{"__type":"$$EventMessageConfirm","confirm":"fe1193ef-8361-4927-a578-cda5a7bd42c9","ts":"2025-09-17T08:25:40.254+00:00","source":{"id":"0","name":"eventBus"}}
{"__type":"$$EventMessageWorkflow","id":"ae5f49a8-cdb3-44d3-9d2a-42f0bd7beee2","ts":"2025-09-17T04:25:54.209-04:00","eventName":"n8n.workflow.started","message":"n8n.workflow.started","payload":{"executionId":"141","workflowId":"ezV7uzO7Ca3v1bpM","isManual":false,"workflowName":"My workflow"}}
{"__type":"$$EventMessageConfirm","confirm":"ae5f49a8-cdb3-44d3-9d2a-42f0bd7beee2","ts":"2025-09-17T04:25:54.210-04:00","source":{"id":"0","name":"eventBus"}}
{"__type":"$$EventMessageNode","id":"90f1d0e7-5ce1-4e51-b08c-c0f06f96f6fd","ts":"2025-09-17T04:25:54.211-04:00","eventName":"n8n.node.started","message":"n8n.node.started","payload":{"workflowId":"ezV7uzO7Ca3v1bpM","workflowName":"My workflow","executionId":"141","nodeType":"n8n-nodes-base.webhook","nodeName":"WEBHOOK GET OLDER MESSAGES","nodeId":"c9d56166-2c9b-4af7-801f-67455735c3a7"}}
{"__type":"$$EventMessageConfirm","confirm":"90f1d0e7-5ce1-4e51-b08c-c0f06f96f6fd","ts":"2025-09-17T04:25:54.211-04:00","source":{"id":"0","name":"eventBus"}}
{"__type":"$$EventMessageNode","id":"3a928aca-d9d5-4498-b2c7-84f8abffaea0","ts":"2025-09-17T04:25:54.212-04:00","eventName":"n8n.node.finished","message":"n8n.node.finished","payload":{"workflowId":"ezV7uzO7Ca3v1bpM","workflowName":"My workflow","executionId":"141","nodeType":"n8n-nodes-base.webhook","nodeName":"WEBHOOK GET OLDER MESSAGES","nodeId":"c9d56166-2c9b-4af7-801f-67455735c3a7"}}
{"__type":"$$EventMessageConfirm","confirm":"3a928aca-d9d5-4498-b2c7-84f8abffaea0","ts":"2025-09-17T04:25:54.212-04:00","source":{"id":"0","name":"eventBus"}}
{"__type":"$$EventMessageNode","id":"ea29595f-074d-4f5e-930c-e715c7363430","ts":"2025-09-17T04:25:54.212-04:00","eventName":"n8n.node.started","message":"n8n.node.started","payload":{"workflowId":"ezV7uzO7Ca3v1bpM","workflowName":"My workflow","executionId":"141","nodeType":"n8n-nodes-base.set","nodeName":"prepare params for older history messages","nodeId":"a1029ce9-2ed9-4454-ac5e-f1944d1cd938"}}
{"__type":"$$EventMessageConfirm","confirm":"ea29595f-074d-4f5e-930c-e715c7363430","ts":"2025-09-17T04:25:54.213-04:00","source":{"id":"0","name":"eventBus"}}
{"__type":"$$EventMessageNode","id":"b22cfba8-0b6d-43cc-9b2a-f898b83e4fae","ts":"2025-09-17T04:25:54.226-04:00","eventName":"n8n.node.finished","message":"n8n.node.finished","payload":{"workflowId":"ezV7uzO7Ca3v1bpM","workflowName":"My workflow","executionId":"141","nodeType":"n8n-nodes-base.set","nodeName":"prepare params for older history messages","nodeId":"a1029ce9-2ed9-4454-ac5e-f1944d1cd938"}}
{"__type":"$$EventMessageConfirm","confirm":"b22cfba8-0b6d-43cc-9b2a-f898b83e4fae","ts":"2025-09-17T04:25:54.226-04:00","source":{"id":"0","name":"eventBus"}}
{"__type":"$$EventMessageNode","id":"f5ba16e0-c09e-4f58-81ab-8c0e0965743b","ts":"2025-09-17T04:25:54.226-04:00","eventName":"n8n.node.started","message":"n8n.node.started","payload":{"workflowId":"ezV7uzO7Ca3v1bpM","workflowName":"My workflow","executionId":"141","nodeType":"n8n-nodes-base.httpRequest","nodeName":"GET OLDER HISTORY MESSAGES","nodeId":"6fe52fae-10fa-4d43-a7d8-f76c1ea93fb8"}}
{"__type":"$$EventMessageConfirm","confirm":"f5ba16e0-c09e-4f58-81ab-8c0e0965743b","ts":"2025-09-17T04:25:54.226-04:00","source":{"id":"0","name":"eventBus"}}
{"__type":"$$EventMessageNode","id":"572eba64-7076-407f-bd86-0c5ef5790132","ts":"2025-09-17T04:25:56.691-04:00","eventName":"n8n.node.finished","message":"n8n.node.finished","payload":{"workflowId":"ezV7uzO7Ca3v1bpM","workflowName":"My workflow","executionId":"141","nodeType":"n8n-nodes-base.httpRequest","nodeName":"GET OLDER HISTORY MESSAGES","nodeId":"6fe52fae-10fa-4d43-a7d8-f76c1ea93fb8"}}
{"__type":"$$EventMessageConfirm","confirm":"572eba64-7076-407f-bd86-0c5ef5790132","ts":"2025-09-17T04:25:56.691-04:00","source":{"id":"0","name":"eventBus"}}
{"__type":"$$EventMessageNode","id":"5160b05e-4b7e-4a44-ae6d-b19f905ae80f","ts":"2025-09-17T04:25:56.692-04:00","eventName":"n8n.node.started","message":"n8n.node.started","payload":{"workflowId":"ezV7uzO7Ca3v1bpM","workflowName":"My workflow","executionId":"141","nodeType":"n8n-nodes-base.respondToWebhook","nodeName":"RETURN ERROR","nodeId":"dbdf6eaf-3c81-4579-bc13-ed8b8475509d"}}
{"__type":"$$EventMessageConfirm","confirm":"5160b05e-4b7e-4a44-ae6d-b19f905ae80f","ts":"2025-09-17T04:25:56.692-04:00","source":{"id":"0","name":"eventBus"}}
{"__type":"$$EventMessageNode","id":"de66f972-2984-49a2-b3d0-c2a1ec1b7ef0","ts":"2025-09-17T04:25:56.695-04:00","eventName":"n8n.node.finished","message":"n8n.node.finished","payload":{"workflowId":"ezV7uzO7Ca3v1bpM","workflowName":"My workflow","executionId":"141","nodeType":"n8n-nodes-base.respondToWebhook","nodeName":"RETURN ERROR","nodeId":"dbdf6eaf-3c81-4579-bc13-ed8b8475509d"}}
{"__type":"$$EventMessageConfirm","confirm":"de66f972-2984-49a2-b3d0-c2a1ec1b7ef0","ts":"2025-09-17T04:25:56.695-04:00","source":{"id":"0","name":"eventBus"}}
{"__type":"$$EventMessageWorkflow","id":"ebd6c7a4-9a31-4bdc-844f-38e3aa3a5404","ts":"2025-09-17T04:25:56.697-04:00","eventName":"n8n.workflow.success","message":"n8n.workflow.success","payload":{"executionId":"141","success":true,"isManual":false,"workflowId":"ezV7uzO7Ca3v1bpM","workflowName":"My workflow"}}
{"__type":"$$EventMessageConfirm","confirm":"ebd6c7a4-9a31-4bdc-844f-38e3aa3a5404","ts":"2025-09-17T04:25:56.697-04:00","source":{"id":"0","name":"eventBus"}}
{"__type":"$$EventMessageWorkflow","id":"ebcd56f0-0f06-4a91-8224-32a269f9ec81","ts":"2025-09-17T04:26:38.821-04:00","eventName":"n8n.workflow.started","message":"n8n.workflow.started","payload":{"executionId":"142","workflowId":"ezV7uzO7Ca3v1bpM","isManual":false,"workflowName":"My workflow"}}
{"__type":"$$EventMessageConfirm","confirm":"ebcd56f0-0f06-4a91-8224-32a269f9ec81","ts":"2025-09-17T04:26:38.821-04:00","source":{"id":"0","name":"eventBus"}}
{"__type":"$$EventMessageNode","id":"636d3080-1b5e-4a87-ba99-25c20d099a61","ts":"2025-09-17T04:26:38.822-04:00","eventName":"n8n.node.started","message":"n8n.node.started","payload":{"workflowId":"ezV7uzO7Ca3v1bpM","workflowName":"My workflow","executionId":"142","nodeType":"n8n-nodes-base.webhook","nodeName":"WEBHOOK GET STATISTICS","nodeId":"cf9c8a4d-12c1-450e-8eb0-055c11da4be0"}}
{"__type":"$$EventMessageConfirm","confirm":"636d3080-1b5e-4a87-ba99-25c20d099a61","ts":"2025-09-17T04:26:38.822-04:00","source":{"id":"0","name":"eventBus"}}
{"__type":"$$EventMessageNode","id":"5cd0a108-70c6-4935-9509-d8be8c38015a","ts":"2025-09-17T04:26:38.822-04:00","eventName":"n8n.node.finished","message":"n8n.node.finished","payload":{"workflowId":"ezV7uzO7Ca3v1bpM","workflowName":"My workflow","executionId":"142","nodeType":"n8n-nodes-base.webhook","nodeName":"WEBHOOK GET STATISTICS","nodeId":"cf9c8a4d-12c1-450e-8eb0-055c11da4be0"}}
{"__type":"$$EventMessageConfirm","confirm":"5cd0a108-70c6-4935-9509-d8be8c38015a","ts":"2025-09-17T04:26:38.822-04:00","source":{"id":"0","name":"eventBus"}}
{"__type":"$$EventMessageNode","id":"48ece0c5-f642-4cb3-b2d1-5b00d784be45","ts":"2025-09-17T04:26:38.822-04:00","eventName":"n8n.node.started","message":"n8n.node.started","payload":{"workflowId":"ezV7uzO7Ca3v1bpM","workflowName":"My workflow","executionId":"142","nodeType":"n8n-nodes-base.set","nodeName":"prepare params for statistics","nodeId":"046f93e9-c857-47b9-b487-49b7d0873f80"}}
{"__type":"$$EventMessageConfirm","confirm":"48ece0c5-f642-4cb3-b2d1-5b00d784be45","ts":"2025-09-17T04:26:38.822-04:00","source":{"id":"0","name":"eventBus"}}
{"__type":"$$EventMessageNode","id":"57dc7fd3-891e-4510-9e86-c7eb5eee83c3","ts":"2025-09-17T04:26:38.828-04:00","eventName":"n8n.node.finished","message":"n8n.node.finished","payload":{"workflowId":"ezV7uzO7Ca3v1bpM","workflowName":"My workflow","executionId":"142","nodeType":"n8n-nodes-base.set","nodeName":"prepare params for statistics","nodeId":"046f93e9-c857-47b9-b487-49b7d0873f80"}}
{"__type":"$$EventMessageConfirm","confirm":"57dc7fd3-891e-4510-9e86-c7eb5eee83c3","ts":"2025-09-17T04:26:38.829-04:00","source":{"id":"0","name":"eventBus"}}
{"__type":"$$EventMessageNode","id":"e3e3a7bd-5105-49aa-b331-3d39909612b5","ts":"2025-09-17T04:26:38.830-04:00","eventName":"n8n.node.started","message":"n8n.node.started","payload":{"workflowId":"ezV7uzO7Ca3v1bpM","workflowName":"My workflow","executionId":"142","nodeType":"n8n-nodes-base.httpRequest","nodeName":"GET DEALS LIST","nodeId":"22cbe1be-c274-4706-8528-8fef01e12bc3"}}
{"__type":"$$EventMessageConfirm","confirm":"e3e3a7bd-5105-49aa-b331-3d39909612b5","ts":"2025-09-17T04:26:38.830-04:00","source":{"id":"0","name":"eventBus"}}
{"__type":"$$EventMessageNode","id":"7476045b-4516-4323-875c-f037fd88cae1","ts":"2025-09-17T04:26:39.107-04:00","eventName":"n8n.node.finished","message":"n8n.node.finished","payload":{"workflowId":"ezV7uzO7Ca3v1bpM","workflowName":"My workflow","executionId":"142","nodeType":"n8n-nodes-base.httpRequest","nodeName":"GET DEALS LIST","nodeId":"22cbe1be-c274-4706-8528-8fef01e12bc3"}}
{"__type":"$$EventMessageConfirm","confirm":"7476045b-4516-4323-875c-f037fd88cae1","ts":"2025-09-17T04:26:39.107-04:00","source":{"id":"0","name":"eventBus"}}
{"__type":"$$EventMessageNode","id":"26d99161-ec0f-4259-baa5-9a0d045997d6","ts":"2025-09-17T04:26:39.107-04:00","eventName":"n8n.node.started","message":"n8n.node.started","payload":{"workflowId":"ezV7uzO7Ca3v1bpM","workflowName":"My workflow","executionId":"142","nodeType":"n8n-nodes-base.code","nodeName":"Code","nodeId":"69bcbca9-4718-4ef2-9510-f87c2ad554fd"}}
{"__type":"$$EventMessageConfirm","confirm":"26d99161-ec0f-4259-baa5-9a0d045997d6","ts":"2025-09-17T04:26:39.107-04:00","source":{"id":"0","name":"eventBus"}}
{"__type":"$$EventMessageNode","id":"0e040f55-d2cf-4d8c-9da4-85899a50818f","ts":"2025-09-17T04:26:39.141-04:00","eventName":"n8n.node.finished","message":"n8n.node.finished","payload":{"workflowId":"ezV7uzO7Ca3v1bpM","workflowName":"My workflow","executionId":"142","nodeType":"n8n-nodes-base.code","nodeName":"Code","nodeId":"69bcbca9-4718-4ef2-9510-f87c2ad554fd"}}
{"__type":"$$EventMessageConfirm","confirm":"0e040f55-d2cf-4d8c-9da4-85899a50818f","ts":"2025-09-17T04:26:39.142-04:00","source":{"id":"0","name":"eventBus"}}
{"__type":"$$EventMessageNode","id":"20b591dc-7d6b-4482-84e0-38fbfcf2af23","ts":"2025-09-17T04:26:39.142-04:00","eventName":"n8n.node.started","message":"n8n.node.started","payload":{"workflowId":"ezV7uzO7Ca3v1bpM","workflowName":"My workflow","executionId":"142","nodeType":"n8n-nodes-base.if","nodeName":"check error3","nodeId":"a4db0492-3e0a-4592-a6b4-4f6107b4d654"}}
{"__type":"$$EventMessageConfirm","confirm":"20b591dc-7d6b-4482-84e0-38fbfcf2af23","ts":"2025-09-17T04:26:39.142-04:00","source":{"id":"0","name":"eventBus"}}
{"__type":"$$EventMessageNode","id":"6525cdde-6113-41ae-ad0f-477bd1a4d966","ts":"2025-09-17T04:26:39.148-04:00","eventName":"n8n.node.finished","message":"n8n.node.finished","payload":{"workflowId":"ezV7uzO7Ca3v1bpM","workflowName":"My workflow","executionId":"142","nodeType":"n8n-nodes-base.if","nodeName":"check error3","nodeId":"a4db0492-3e0a-4592-a6b4-4f6107b4d654"}}
{"__type":"$$EventMessageConfirm","confirm":"6525cdde-6113-41ae-ad0f-477bd1a4d966","ts":"2025-09-17T04:26:39.148-04:00","source":{"id":"0","name":"eventBus"}}
{"__type":"$$EventMessageNode","id":"f37d0484-0053-449d-ace5-37e9cb3afe0c","ts":"2025-09-17T04:26:39.152-04:00","eventName":"n8n.node.started","message":"n8n.node.started","payload":{"workflowId":"ezV7uzO7Ca3v1bpM","workflowName":"My workflow","executionId":"142","nodeType":"n8n-nodes-base.merge","nodeName":"Merge","nodeId":"e1e18455-ca7f-421f-a29e-4073207209c9"}}
{"__type":"$$EventMessageConfirm","confirm":"f37d0484-0053-449d-ace5-37e9cb3afe0c","ts":"2025-09-17T04:26:39.153-04:00","source":{"id":"0","name":"eventBus"}}
{"__type":"$$EventMessageNode","id":"c80f7647-87a1-4ea3-a07b-06f6ccd823dd","ts":"2025-09-17T04:26:39.161-04:00","eventName":"n8n.node.finished","message":"n8n.node.finished","payload":{"workflowId":"ezV7uzO7Ca3v1bpM","workflowName":"My workflow","executionId":"142","nodeType":"n8n-nodes-base.merge","nodeName":"Merge","nodeId":"e1e18455-ca7f-421f-a29e-4073207209c9"}}
{"__type":"$$EventMessageConfirm","confirm":"c80f7647-87a1-4ea3-a07b-06f6ccd823dd","ts":"2025-09-17T04:26:39.162-04:00","source":{"id":"0","name":"eventBus"}}
{"__type":"$$EventMessageNode","id":"9b3733b5-58f0-40d3-8a5d-0d3cd75e278a","ts":"2025-09-17T04:26:39.162-04:00","eventName":"n8n.node.started","message":"n8n.node.started","payload":{"workflowId":"ezV7uzO7Ca3v1bpM","workflowName":"My workflow","executionId":"142","nodeType":"n8n-nodes-base.code","nodeName":"Code1","nodeId":"72c06493-ba73-40d8-8ab8-8207c7ee600a"}}
{"__type":"$$EventMessageConfirm","confirm":"9b3733b5-58f0-40d3-8a5d-0d3cd75e278a","ts":"2025-09-17T04:26:39.162-04:00","source":{"id":"0","name":"eventBus"}}
{"__type":"$$EventMessageNode","id":"b9bbb915-adb8-4762-a184-fc5b03ef8e2e","ts":"2025-09-17T04:26:39.167-04:00","eventName":"n8n.node.finished","message":"n8n.node.finished","payload":{"workflowId":"ezV7uzO7Ca3v1bpM","workflowName":"My workflow","executionId":"142","nodeType":"n8n-nodes-base.code","nodeName":"Code1","nodeId":"72c06493-ba73-40d8-8ab8-8207c7ee600a"}}
{"__type":"$$EventMessageConfirm","confirm":"b9bbb915-adb8-4762-a184-fc5b03ef8e2e","ts":"2025-09-17T04:26:39.167-04:00","source":{"id":"0","name":"eventBus"}}
{"__type":"$$EventMessageNode","id":"c42ceb89-83ce-4074-a0a7-d9a3c77dee24","ts":"2025-09-17T04:26:39.167-04:00","eventName":"n8n.node.started","message":"n8n.node.started","payload":{"workflowId":"ezV7uzO7Ca3v1bpM","workflowName":"My workflow","executionId":"142","nodeType":"n8n-nodes-base.if","nodeName":"check for cycle ends","nodeId":"2e2304ad-fcfc-470b-976f-13a51f6942ff"}}
{"__type":"$$EventMessageConfirm","confirm":"c42ceb89-83ce-4074-a0a7-d9a3c77dee24","ts":"2025-09-17T04:26:39.167-04:00","source":{"id":"0","name":"eventBus"}}
{"__type":"$$EventMessageNode","id":"90f97bd5-4d8c-4c45-aa02-9f4995b39673","ts":"2025-09-17T04:26:39.172-04:00","eventName":"n8n.node.finished","message":"n8n.node.finished","payload":{"workflowId":"ezV7uzO7Ca3v1bpM","workflowName":"My workflow","executionId":"142","nodeType":"n8n-nodes-base.if","nodeName":"check for cycle ends","nodeId":"2e2304ad-fcfc-470b-976f-13a51f6942ff"}}
{"__type":"$$EventMessageConfirm","confirm":"90f97bd5-4d8c-4c45-aa02-9f4995b39673","ts":"2025-09-17T04:26:39.172-04:00","source":{"id":"0","name":"eventBus"}}
{"__type":"$$EventMessageNode","id":"7972c6f6-83dd-475d-8831-09cbea7706d0","ts":"2025-09-17T04:26:39.172-04:00","eventName":"n8n.node.started","message":"n8n.node.started","payload":{"workflowId":"ezV7uzO7Ca3v1bpM","workflowName":"My workflow","executionId":"142","nodeType":"n8n-nodes-base.set","nodeName":"prepare params for statistics","nodeId":"046f93e9-c857-47b9-b487-49b7d0873f80"}}
{"__type":"$$EventMessageConfirm","confirm":"7972c6f6-83dd-475d-8831-09cbea7706d0","ts":"2025-09-17T04:26:39.173-04:00","source":{"id":"0","name":"eventBus"}}
{"__type":"$$EventMessageNode","id":"e1fa9af5-7c1f-44c5-b935-0725ee7c3f62","ts":"2025-09-17T04:26:39.174-04:00","eventName":"n8n.node.finished","message":"n8n.node.finished","payload":{"workflowId":"ezV7uzO7Ca3v1bpM","workflowName":"My workflow","executionId":"142","nodeType":"n8n-nodes-base.set","nodeName":"prepare params for statistics","nodeId":"046f93e9-c857-47b9-b487-49b7d0873f80"}}
{"__type":"$$EventMessageConfirm","confirm":"e1fa9af5-7c1f-44c5-b935-0725ee7c3f62","ts":"2025-09-17T04:26:39.174-04:00","source":{"id":"0","name":"eventBus"}}
{"__type":"$$EventMessageNode","id":"daef84aa-a307-409f-95d3-327ccd7cfe79","ts":"2025-09-17T04:26:39.174-04:00","eventName":"n8n.node.started","message":"n8n.node.started","payload":{"workflowId":"ezV7uzO7Ca3v1bpM","workflowName":"My workflow","executionId":"142","nodeType":"n8n-nodes-base.httpRequest","nodeName":"GET DEALS LIST","nodeId":"22cbe1be-c274-4706-8528-8fef01e12bc3"}}
{"__type":"$$EventMessageConfirm","confirm":"daef84aa-a307-409f-95d3-327ccd7cfe79","ts":"2025-09-17T04:26:39.174-04:00","source":{"id":"0","name":"eventBus"}}
{"__type":"$$EventMessageNode","id":"3b2ddc8e-4ca6-4503-ae5a-f2fe6144a902","ts":"2025-09-17T04:26:39.561-04:00","eventName":"n8n.node.finished","message":"n8n.node.finished","payload":{"workflowId":"ezV7uzO7Ca3v1bpM","workflowName":"My workflow","executionId":"142","nodeType":"n8n-nodes-base.httpRequest","nodeName":"GET DEALS LIST","nodeId":"22cbe1be-c274-4706-8528-8fef01e12bc3"}}
{"__type":"$$EventMessageConfirm","confirm":"3b2ddc8e-4ca6-4503-ae5a-f2fe6144a902","ts":"2025-09-17T04:26:39.561-04:00","source":{"id":"0","name":"eventBus"}}
{"__type":"$$EventMessageNode","id":"9414d7ab-ed4d-42af-8066-5bc4e3deaf0c","ts":"2025-09-17T04:26:39.562-04:00","eventName":"n8n.node.started","message":"n8n.node.started","payload":{"workflowId":"ezV7uzO7Ca3v1bpM","workflowName":"My workflow","executionId":"142","nodeType":"n8n-nodes-base.code","nodeName":"Code","nodeId":"69bcbca9-4718-4ef2-9510-f87c2ad554fd"}}
{"__type":"$$EventMessageConfirm","confirm":"9414d7ab-ed4d-42af-8066-5bc4e3deaf0c","ts":"2025-09-17T04:26:39.562-04:00","source":{"id":"0","name":"eventBus"}}
{"__type":"$$EventMessageNode","id":"34fabdb0-bd5e-4453-b138-6d772550b6b0","ts":"2025-09-17T04:26:39.568-04:00","eventName":"n8n.node.finished","message":"n8n.node.finished","payload":{"workflowId":"ezV7uzO7Ca3v1bpM","workflowName":"My workflow","executionId":"142","nodeType":"n8n-nodes-base.code","nodeName":"Code","nodeId":"69bcbca9-4718-4ef2-9510-f87c2ad554fd"}}
{"__type":"$$EventMessageConfirm","confirm":"34fabdb0-bd5e-4453-b138-6d772550b6b0","ts":"2025-09-17T04:26:39.568-04:00","source":{"id":"0","name":"eventBus"}}
{"__type":"$$EventMessageNode","id":"87b7d365-c275-4ccb-ba9f-064742180496","ts":"2025-09-17T04:26:39.569-04:00","eventName":"n8n.node.started","message":"n8n.node.started","payload":{"workflowId":"ezV7uzO7Ca3v1bpM","workflowName":"My workflow","executionId":"142","nodeType":"n8n-nodes-base.if","nodeName":"check error3","nodeId":"a4db0492-3e0a-4592-a6b4-4f6107b4d654"}}
{"__type":"$$EventMessageConfirm","confirm":"87b7d365-c275-4ccb-ba9f-064742180496","ts":"2025-09-17T04:26:39.569-04:00","source":{"id":"0","name":"eventBus"}}
{"__type":"$$EventMessageNode","id":"b08ecaad-76ca-42b2-8154-2ef3b4cad3b5","ts":"2025-09-17T04:26:39.569-04:00","eventName":"n8n.node.finished","message":"n8n.node.finished","payload":{"workflowId":"ezV7uzO7Ca3v1bpM","workflowName":"My workflow","executionId":"142","nodeType":"n8n-nodes-base.if","nodeName":"check error3","nodeId":"a4db0492-3e0a-4592-a6b4-4f6107b4d654"}}
{"__type":"$$EventMessageConfirm","confirm":"b08ecaad-76ca-42b2-8154-2ef3b4cad3b5","ts":"2025-09-17T04:26:39.569-04:00","source":{"id":"0","name":"eventBus"}}
{"__type":"$$EventMessageNode","id":"39cd0714-7978-4b77-9e74-fb5e085870bb","ts":"2025-09-17T04:26:39.570-04:00","eventName":"n8n.node.started","message":"n8n.node.started","payload":{"workflowId":"ezV7uzO7Ca3v1bpM","workflowName":"My workflow","executionId":"142","nodeType":"n8n-nodes-base.merge","nodeName":"Merge","nodeId":"e1e18455-ca7f-421f-a29e-4073207209c9"}}
{"__type":"$$EventMessageConfirm","confirm":"39cd0714-7978-4b77-9e74-fb5e085870bb","ts":"2025-09-17T04:26:39.570-04:00","source":{"id":"0","name":"eventBus"}}
{"__type":"$$EventMessageNode","id":"e6d625ec-beb7-4b69-8c7f-6f7a15150c5c","ts":"2025-09-17T04:26:39.570-04:00","eventName":"n8n.node.finished","message":"n8n.node.finished","payload":{"workflowId":"ezV7uzO7Ca3v1bpM","workflowName":"My workflow","executionId":"142","nodeType":"n8n-nodes-base.merge","nodeName":"Merge","nodeId":"e1e18455-ca7f-421f-a29e-4073207209c9"}}
{"__type":"$$EventMessageConfirm","confirm":"e6d625ec-beb7-4b69-8c7f-6f7a15150c5c","ts":"2025-09-17T04:26:39.570-04:00","source":{"id":"0","name":"eventBus"}}
{"__type":"$$EventMessageNode","id":"268a3304-4710-4369-800d-cfa05784b5d7","ts":"2025-09-17T04:26:39.570-04:00","eventName":"n8n.node.started","message":"n8n.node.started","payload":{"workflowId":"ezV7uzO7Ca3v1bpM","workflowName":"My workflow","executionId":"142","nodeType":"n8n-nodes-base.code","nodeName":"Code1","nodeId":"72c06493-ba73-40d8-8ab8-8207c7ee600a"}}
{"__type":"$$EventMessageConfirm","confirm":"268a3304-4710-4369-800d-cfa05784b5d7","ts":"2025-09-17T04:26:39.570-04:00","source":{"id":"0","name":"eventBus"}}
{"__type":"$$EventMessageNode","id":"4072d930-f4a6-4f70-9fd0-55141807ddb6","ts":"2025-09-17T04:26:39.576-04:00","eventName":"n8n.node.finished","message":"n8n.node.finished","payload":{"workflowId":"ezV7uzO7Ca3v1bpM","workflowName":"My workflow","executionId":"142","nodeType":"n8n-nodes-base.code","nodeName":"Code1","nodeId":"72c06493-ba73-40d8-8ab8-8207c7ee600a"}}
{"__type":"$$EventMessageConfirm","confirm":"4072d930-f4a6-4f70-9fd0-55141807ddb6","ts":"2025-09-17T04:26:39.576-04:00","source":{"id":"0","name":"eventBus"}}
{"__type":"$$EventMessageNode","id":"2c7ac6f7-9b0e-4d64-bcfb-9aa7a9d9391e","ts":"2025-09-17T04:26:39.576-04:00","eventName":"n8n.node.started","message":"n8n.node.started","payload":{"workflowId":"ezV7uzO7Ca3v1bpM","workflowName":"My workflow","executionId":"142","nodeType":"n8n-nodes-base.if","nodeName":"check for cycle ends","nodeId":"2e2304ad-fcfc-470b-976f-13a51f6942ff"}}
{"__type":"$$EventMessageConfirm","confirm":"2c7ac6f7-9b0e-4d64-bcfb-9aa7a9d9391e","ts":"2025-09-17T04:26:39.576-04:00","source":{"id":"0","name":"eventBus"}}
{"__type":"$$EventMessageNode","id":"d4aea303-620c-46fd-a25d-7cda37423cbd","ts":"2025-09-17T04:26:39.577-04:00","eventName":"n8n.node.finished","message":"n8n.node.finished","payload":{"workflowId":"ezV7uzO7Ca3v1bpM","workflowName":"My workflow","executionId":"142","nodeType":"n8n-nodes-base.if","nodeName":"check for cycle ends","nodeId":"2e2304ad-fcfc-470b-976f-13a51f6942ff"}}
{"__type":"$$EventMessageConfirm","confirm":"d4aea303-620c-46fd-a25d-7cda37423cbd","ts":"2025-09-17T04:26:39.577-04:00","source":{"id":"0","name":"eventBus"}}
{"__type":"$$EventMessageNode","id":"19fd4e52-2be4-4409-bf3e-f27548a73ff7","ts":"2025-09-17T04:26:39.577-04:00","eventName":"n8n.node.started","message":"n8n.node.started","payload":{"workflowId":"ezV7uzO7Ca3v1bpM","workflowName":"My workflow","executionId":"142","nodeType":"n8n-nodes-base.set","nodeName":"prepare params for statistics","nodeId":"046f93e9-c857-47b9-b487-49b7d0873f80"}}
{"__type":"$$EventMessageConfirm","confirm":"19fd4e52-2be4-4409-bf3e-f27548a73ff7","ts":"2025-09-17T04:26:39.577-04:00","source":{"id":"0","name":"eventBus"}}
{"__type":"$$EventMessageNode","id":"dc5bf1da-8b7d-4e56-b41d-81e17117d6ad","ts":"2025-09-17T04:26:39.578-04:00","eventName":"n8n.node.finished","message":"n8n.node.finished","payload":{"workflowId":"ezV7uzO7Ca3v1bpM","workflowName":"My workflow","executionId":"142","nodeType":"n8n-nodes-base.set","nodeName":"prepare params for statistics","nodeId":"046f93e9-c857-47b9-b487-49b7d0873f80"}}
{"__type":"$$EventMessageConfirm","confirm":"dc5bf1da-8b7d-4e56-b41d-81e17117d6ad","ts":"2025-09-17T04:26:39.578-04:00","source":{"id":"0","name":"eventBus"}}
{"__type":"$$EventMessageNode","id":"7b3916b6-86bc-4791-94bd-91029220d730","ts":"2025-09-17T04:26:39.578-04:00","eventName":"n8n.node.started","message":"n8n.node.started","payload":{"workflowId":"ezV7uzO7Ca3v1bpM","workflowName":"My workflow","executionId":"142","nodeType":"n8n-nodes-base.httpRequest","nodeName":"GET DEALS LIST","nodeId":"22cbe1be-c274-4706-8528-8fef01e12bc3"}}
{"__type":"$$EventMessageConfirm","confirm":"7b3916b6-86bc-4791-94bd-91029220d730","ts":"2025-09-17T04:26:39.578-04:00","source":{"id":"0","name":"eventBus"}}
{"__type":"$$EventMessageNode","id":"66301ae6-d9ed-4cfb-a3d8-a6f5674fab14","ts":"2025-09-17T04:26:40.183-04:00","eventName":"n8n.node.finished","message":"n8n.node.finished","payload":{"workflowId":"ezV7uzO7Ca3v1bpM","workflowName":"My workflow","executionId":"142","nodeType":"n8n-nodes-base.httpRequest","nodeName":"GET DEALS LIST","nodeId":"22cbe1be-c274-4706-8528-8fef01e12bc3"}}
{"__type":"$$EventMessageConfirm","confirm":"66301ae6-d9ed-4cfb-a3d8-a6f5674fab14","ts":"2025-09-17T04:26:40.183-04:00","source":{"id":"0","name":"eventBus"}}
{"__type":"$$EventMessageNode","id":"b7f60891-e691-4b92-912d-5989fffa9fee","ts":"2025-09-17T04:26:40.184-04:00","eventName":"n8n.node.started","message":"n8n.node.started","payload":{"workflowId":"ezV7uzO7Ca3v1bpM","workflowName":"My workflow","executionId":"142","nodeType":"n8n-nodes-base.code","nodeName":"Code","nodeId":"69bcbca9-4718-4ef2-9510-f87c2ad554fd"}}
{"__type":"$$EventMessageConfirm","confirm":"b7f60891-e691-4b92-912d-5989fffa9fee","ts":"2025-09-17T04:26:40.184-04:00","source":{"id":"0","name":"eventBus"}}
{"__type":"$$EventMessageNode","id":"a1ea9a35-e959-433b-b694-348ab6292dab","ts":"2025-09-17T04:26:40.192-04:00","eventName":"n8n.node.finished","message":"n8n.node.finished","payload":{"workflowId":"ezV7uzO7Ca3v1bpM","workflowName":"My workflow","executionId":"142","nodeType":"n8n-nodes-base.code","nodeName":"Code","nodeId":"69bcbca9-4718-4ef2-9510-f87c2ad554fd"}}
{"__type":"$$EventMessageConfirm","confirm":"a1ea9a35-e959-433b-b694-348ab6292dab","ts":"2025-09-17T04:26:40.192-04:00","source":{"id":"0","name":"eventBus"}}
{"__type":"$$EventMessageNode","id":"d32e7b1c-b6b5-441b-b4ae-0c93034859ba","ts":"2025-09-17T04:26:40.193-04:00","eventName":"n8n.node.started","message":"n8n.node.started","payload":{"workflowId":"ezV7uzO7Ca3v1bpM","workflowName":"My workflow","executionId":"142","nodeType":"n8n-nodes-base.if","nodeName":"check error3","nodeId":"a4db0492-3e0a-4592-a6b4-4f6107b4d654"}}
{"__type":"$$EventMessageConfirm","confirm":"d32e7b1c-b6b5-441b-b4ae-0c93034859ba","ts":"2025-09-17T04:26:40.193-04:00","source":{"id":"0","name":"eventBus"}}
{"__type":"$$EventMessageNode","id":"ebaf5b60-c1f5-40ea-b552-37638f804ea8","ts":"2025-09-17T04:26:40.194-04:00","eventName":"n8n.node.finished","message":"n8n.node.finished","payload":{"workflowId":"ezV7uzO7Ca3v1bpM","workflowName":"My workflow","executionId":"142","nodeType":"n8n-nodes-base.if","nodeName":"check error3","nodeId":"a4db0492-3e0a-4592-a6b4-4f6107b4d654"}}
{"__type":"$$EventMessageConfirm","confirm":"ebaf5b60-c1f5-40ea-b552-37638f804ea8","ts":"2025-09-17T04:26:40.194-04:00","source":{"id":"0","name":"eventBus"}}
{"__type":"$$EventMessageNode","id":"33ae7e0b-e705-4b0c-9909-57a34ad4adb1","ts":"2025-09-17T04:26:40.194-04:00","eventName":"n8n.node.started","message":"n8n.node.started","payload":{"workflowId":"ezV7uzO7Ca3v1bpM","workflowName":"My workflow","executionId":"142","nodeType":"n8n-nodes-base.merge","nodeName":"Merge","nodeId":"e1e18455-ca7f-421f-a29e-4073207209c9"}}
{"__type":"$$EventMessageConfirm","confirm":"33ae7e0b-e705-4b0c-9909-57a34ad4adb1","ts":"2025-09-17T04:26:40.194-04:00","source":{"id":"0","name":"eventBus"}}
{"__type":"$$EventMessageNode","id":"43e3099b-02ff-4266-ba22-dcadd98ff7f0","ts":"2025-09-17T04:26:40.195-04:00","eventName":"n8n.node.finished","message":"n8n.node.finished","payload":{"workflowId":"ezV7uzO7Ca3v1bpM","workflowName":"My workflow","executionId":"142","nodeType":"n8n-nodes-base.merge","nodeName":"Merge","nodeId":"e1e18455-ca7f-421f-a29e-4073207209c9"}}
{"__type":"$$EventMessageConfirm","confirm":"43e3099b-02ff-4266-ba22-dcadd98ff7f0","ts":"2025-09-17T04:26:40.195-04:00","source":{"id":"0","name":"eventBus"}}
{"__type":"$$EventMessageNode","id":"1d1c9446-7598-4664-8633-c227d3b98f06","ts":"2025-09-17T04:26:40.195-04:00","eventName":"n8n.node.started","message":"n8n.node.started","payload":{"workflowId":"ezV7uzO7Ca3v1bpM","workflowName":"My workflow","executionId":"142","nodeType":"n8n-nodes-base.code","nodeName":"Code1","nodeId":"72c06493-ba73-40d8-8ab8-8207c7ee600a"}}
{"__type":"$$EventMessageConfirm","confirm":"1d1c9446-7598-4664-8633-c227d3b98f06","ts":"2025-09-17T04:26:40.195-04:00","source":{"id":"0","name":"eventBus"}}
{"__type":"$$EventMessageNode","id":"e9bbf750-c900-46f6-b11f-62ff2b48df31","ts":"2025-09-17T04:26:40.202-04:00","eventName":"n8n.node.finished","message":"n8n.node.finished","payload":{"workflowId":"ezV7uzO7Ca3v1bpM","workflowName":"My workflow","executionId":"142","nodeType":"n8n-nodes-base.code","nodeName":"Code1","nodeId":"72c06493-ba73-40d8-8ab8-8207c7ee600a"}}
{"__type":"$$EventMessageConfirm","confirm":"e9bbf750-c900-46f6-b11f-62ff2b48df31","ts":"2025-09-17T04:26:40.202-04:00","source":{"id":"0","name":"eventBus"}}
{"__type":"$$EventMessageNode","id":"999590d2-5747-4663-9bbf-cf8aaef34e4f","ts":"2025-09-17T04:26:40.202-04:00","eventName":"n8n.node.started","message":"n8n.node.started","payload":{"workflowId":"ezV7uzO7Ca3v1bpM","workflowName":"My workflow","executionId":"142","nodeType":"n8n-nodes-base.if","nodeName":"check for cycle ends","nodeId":"2e2304ad-fcfc-470b-976f-13a51f6942ff"}}
{"__type":"$$EventMessageConfirm","confirm":"999590d2-5747-4663-9bbf-cf8aaef34e4f","ts":"2025-09-17T04:26:40.202-04:00","source":{"id":"0","name":"eventBus"}}
{"__type":"$$EventMessageNode","id":"05507ad6-5063-4453-8e0d-ad9ff0bfdb12","ts":"2025-09-17T04:26:40.203-04:00","eventName":"n8n.node.finished","message":"n8n.node.finished","payload":{"workflowId":"ezV7uzO7Ca3v1bpM","workflowName":"My workflow","executionId":"142","nodeType":"n8n-nodes-base.if","nodeName":"check for cycle ends","nodeId":"2e2304ad-fcfc-470b-976f-13a51f6942ff"}}
{"__type":"$$EventMessageConfirm","confirm":"05507ad6-5063-4453-8e0d-ad9ff0bfdb12","ts":"2025-09-17T04:26:40.203-04:00","source":{"id":"0","name":"eventBus"}}
{"__type":"$$EventMessageNode","id":"377b76c2-2955-469b-9fc3-0ad0caaa08c2","ts":"2025-09-17T04:26:40.204-04:00","eventName":"n8n.node.started","message":"n8n.node.started","payload":{"workflowId":"ezV7uzO7Ca3v1bpM","workflowName":"My workflow","executionId":"142","nodeType":"n8n-nodes-base.set","nodeName":"prepare params for statistics","nodeId":"046f93e9-c857-47b9-b487-49b7d0873f80"}}
{"__type":"$$EventMessageConfirm","confirm":"377b76c2-2955-469b-9fc3-0ad0caaa08c2","ts":"2025-09-17T04:26:40.204-04:00","source":{"id":"0","name":"eventBus"}}
{"__type":"$$EventMessageNode","id":"4ad53408-0cd3-476b-9f47-0623fb934d85","ts":"2025-09-17T04:26:40.204-04:00","eventName":"n8n.node.finished","message":"n8n.node.finished","payload":{"workflowId":"ezV7uzO7Ca3v1bpM","workflowName":"My workflow","executionId":"142","nodeType":"n8n-nodes-base.set","nodeName":"prepare params for statistics","nodeId":"046f93e9-c857-47b9-b487-49b7d0873f80"}}
{"__type":"$$EventMessageConfirm","confirm":"4ad53408-0cd3-476b-9f47-0623fb934d85","ts":"2025-09-17T04:26:40.204-04:00","source":{"id":"0","name":"eventBus"}}
{"__type":"$$EventMessageNode","id":"475c418f-7eec-4201-884b-fdf6c7f8a830","ts":"2025-09-17T04:26:40.204-04:00","eventName":"n8n.node.started","message":"n8n.node.started","payload":{"workflowId":"ezV7uzO7Ca3v1bpM","workflowName":"My workflow","executionId":"142","nodeType":"n8n-nodes-base.httpRequest","nodeName":"GET DEALS LIST","nodeId":"22cbe1be-c274-4706-8528-8fef01e12bc3"}}
{"__type":"$$EventMessageConfirm","confirm":"475c418f-7eec-4201-884b-fdf6c7f8a830","ts":"2025-09-17T04:26:40.204-04:00","source":{"id":"0","name":"eventBus"}}
{"__type":"$$EventMessageNode","id":"88b2aaa4-5b9a-4209-96dc-58ef8ef2ca71","ts":"2025-09-17T04:26:40.370-04:00","eventName":"n8n.node.finished","message":"n8n.node.finished","payload":{"workflowId":"ezV7uzO7Ca3v1bpM","workflowName":"My workflow","executionId":"142","nodeType":"n8n-nodes-base.httpRequest","nodeName":"GET DEALS LIST","nodeId":"22cbe1be-c274-4706-8528-8fef01e12bc3"}}
{"__type":"$$EventMessageConfirm","confirm":"88b2aaa4-5b9a-4209-96dc-58ef8ef2ca71","ts":"2025-09-17T04:26:40.370-04:00","source":{"id":"0","name":"eventBus"}}
{"__type":"$$EventMessageNode","id":"187634c7-a60f-4f3b-9ebd-2e4e7836bc66","ts":"2025-09-17T04:26:40.370-04:00","eventName":"n8n.node.started","message":"n8n.node.started","payload":{"workflowId":"ezV7uzO7Ca3v1bpM","workflowName":"My workflow","executionId":"142","nodeType":"n8n-nodes-base.code","nodeName":"Code","nodeId":"69bcbca9-4718-4ef2-9510-f87c2ad554fd"}}
{"__type":"$$EventMessageConfirm","confirm":"187634c7-a60f-4f3b-9ebd-2e4e7836bc66","ts":"2025-09-17T04:26:40.370-04:00","source":{"id":"0","name":"eventBus"}}
{"__type":"$$EventMessageNode","id":"42895b84-8f58-4381-a75c-20f45a195dd6","ts":"2025-09-17T04:26:40.381-04:00","eventName":"n8n.node.finished","message":"n8n.node.finished","payload":{"workflowId":"ezV7uzO7Ca3v1bpM","workflowName":"My workflow","executionId":"142","nodeType":"n8n-nodes-base.code","nodeName":"Code","nodeId":"69bcbca9-4718-4ef2-9510-f87c2ad554fd"}}
{"__type":"$$EventMessageConfirm","confirm":"42895b84-8f58-4381-a75c-20f45a195dd6","ts":"2025-09-17T04:26:40.381-04:00","source":{"id":"0","name":"eventBus"}}
{"__type":"$$EventMessageNode","id":"9744074d-bbe5-41dc-b294-8d90166ac48b","ts":"2025-09-17T04:26:40.382-04:00","eventName":"n8n.node.started","message":"n8n.node.started","payload":{"workflowId":"ezV7uzO7Ca3v1bpM","workflowName":"My workflow","executionId":"142","nodeType":"n8n-nodes-base.if","nodeName":"check error3","nodeId":"a4db0492-3e0a-4592-a6b4-4f6107b4d654"}}
{"__type":"$$EventMessageConfirm","confirm":"9744074d-bbe5-41dc-b294-8d90166ac48b","ts":"2025-09-17T04:26:40.382-04:00","source":{"id":"0","name":"eventBus"}}
{"__type":"$$EventMessageNode","id":"ba6b0284-dcf2-42d4-96d3-0759ecd8272c","ts":"2025-09-17T04:26:40.383-04:00","eventName":"n8n.node.finished","message":"n8n.node.finished","payload":{"workflowId":"ezV7uzO7Ca3v1bpM","workflowName":"My workflow","executionId":"142","nodeType":"n8n-nodes-base.if","nodeName":"check error3","nodeId":"a4db0492-3e0a-4592-a6b4-4f6107b4d654"}}
{"__type":"$$EventMessageConfirm","confirm":"ba6b0284-dcf2-42d4-96d3-0759ecd8272c","ts":"2025-09-17T04:26:40.383-04:00","source":{"id":"0","name":"eventBus"}}
{"__type":"$$EventMessageNode","id":"ded5e277-1361-45df-a405-2cae576935b1","ts":"2025-09-17T04:26:40.383-04:00","eventName":"n8n.node.started","message":"n8n.node.started","payload":{"workflowId":"ezV7uzO7Ca3v1bpM","workflowName":"My workflow","executionId":"142","nodeType":"n8n-nodes-base.merge","nodeName":"Merge","nodeId":"e1e18455-ca7f-421f-a29e-4073207209c9"}}
{"__type":"$$EventMessageConfirm","confirm":"ded5e277-1361-45df-a405-2cae576935b1","ts":"2025-09-17T04:26:40.383-04:00","source":{"id":"0","name":"eventBus"}}
{"__type":"$$EventMessageNode","id":"bf3b3f32-e013-49bb-9ecc-12b77dc07b7e","ts":"2025-09-17T04:26:40.383-04:00","eventName":"n8n.node.finished","message":"n8n.node.finished","payload":{"workflowId":"ezV7uzO7Ca3v1bpM","workflowName":"My workflow","executionId":"142","nodeType":"n8n-nodes-base.merge","nodeName":"Merge","nodeId":"e1e18455-ca7f-421f-a29e-4073207209c9"}}
{"__type":"$$EventMessageConfirm","confirm":"bf3b3f32-e013-49bb-9ecc-12b77dc07b7e","ts":"2025-09-17T04:26:40.383-04:00","source":{"id":"0","name":"eventBus"}}
{"__type":"$$EventMessageNode","id":"d34764ea-6b8a-45d4-b05e-96b1f3e8f102","ts":"2025-09-17T04:26:40.383-04:00","eventName":"n8n.node.started","message":"n8n.node.started","payload":{"workflowId":"ezV7uzO7Ca3v1bpM","workflowName":"My workflow","executionId":"142","nodeType":"n8n-nodes-base.code","nodeName":"Code1","nodeId":"72c06493-ba73-40d8-8ab8-8207c7ee600a"}}
{"__type":"$$EventMessageConfirm","confirm":"d34764ea-6b8a-45d4-b05e-96b1f3e8f102","ts":"2025-09-17T04:26:40.383-04:00","source":{"id":"0","name":"eventBus"}}
{"__type":"$$EventMessageNode","id":"c2c2e88d-a05c-4bde-b2ae-d991df28f0b5","ts":"2025-09-17T04:26:40.390-04:00","eventName":"n8n.node.finished","message":"n8n.node.finished","payload":{"workflowId":"ezV7uzO7Ca3v1bpM","workflowName":"My workflow","executionId":"142","nodeType":"n8n-nodes-base.code","nodeName":"Code1","nodeId":"72c06493-ba73-40d8-8ab8-8207c7ee600a"}}
{"__type":"$$EventMessageConfirm","confirm":"c2c2e88d-a05c-4bde-b2ae-d991df28f0b5","ts":"2025-09-17T04:26:40.391-04:00","source":{"id":"0","name":"eventBus"}}
{"__type":"$$EventMessageNode","id":"8d8381e8-7538-4ea4-b1ba-51cb2c7382d0","ts":"2025-09-17T04:26:40.391-04:00","eventName":"n8n.node.started","message":"n8n.node.started","payload":{"workflowId":"ezV7uzO7Ca3v1bpM","workflowName":"My workflow","executionId":"142","nodeType":"n8n-nodes-base.if","nodeName":"check for cycle ends","nodeId":"2e2304ad-fcfc-470b-976f-13a51f6942ff"}}
{"__type":"$$EventMessageConfirm","confirm":"8d8381e8-7538-4ea4-b1ba-51cb2c7382d0","ts":"2025-09-17T04:26:40.391-04:00","source":{"id":"0","name":"eventBus"}}
{"__type":"$$EventMessageNode","id":"f8a659ea-15db-4fbc-a841-2c896a9a6192","ts":"2025-09-17T04:26:40.392-04:00","eventName":"n8n.node.finished","message":"n8n.node.finished","payload":{"workflowId":"ezV7uzO7Ca3v1bpM","workflowName":"My workflow","executionId":"142","nodeType":"n8n-nodes-base.if","nodeName":"check for cycle ends","nodeId":"2e2304ad-fcfc-470b-976f-13a51f6942ff"}}
{"__type":"$$EventMessageConfirm","confirm":"f8a659ea-15db-4fbc-a841-2c896a9a6192","ts":"2025-09-17T04:26:40.392-04:00","source":{"id":"0","name":"eventBus"}}
{"__type":"$$EventMessageNode","id":"3e2c7a77-3978-4585-930d-9f50ae7d5d00","ts":"2025-09-17T04:26:40.392-04:00","eventName":"n8n.node.started","message":"n8n.node.started","payload":{"workflowId":"ezV7uzO7Ca3v1bpM","workflowName":"My workflow","executionId":"142","nodeType":"n8n-nodes-base.set","nodeName":"prepare params for statistics","nodeId":"046f93e9-c857-47b9-b487-49b7d0873f80"}}
{"__type":"$$EventMessageConfirm","confirm":"3e2c7a77-3978-4585-930d-9f50ae7d5d00","ts":"2025-09-17T04:26:40.392-04:00","source":{"id":"0","name":"eventBus"}}
{"__type":"$$EventMessageNode","id":"b52162f7-54b9-44ac-8f1f-b127ce8bffa0","ts":"2025-09-17T04:26:40.393-04:00","eventName":"n8n.node.finished","message":"n8n.node.finished","payload":{"workflowId":"ezV7uzO7Ca3v1bpM","workflowName":"My workflow","executionId":"142","nodeType":"n8n-nodes-base.set","nodeName":"prepare params for statistics","nodeId":"046f93e9-c857-47b9-b487-49b7d0873f80"}}
{"__type":"$$EventMessageConfirm","confirm":"b52162f7-54b9-44ac-8f1f-b127ce8bffa0","ts":"2025-09-17T04:26:40.394-04:00","source":{"id":"0","name":"eventBus"}}
{"__type":"$$EventMessageNode","id":"070ce3c6-e2c8-4dac-829c-21c9f4bb3b6a","ts":"2025-09-17T04:26:40.394-04:00","eventName":"n8n.node.started","message":"n8n.node.started","payload":{"workflowId":"ezV7uzO7Ca3v1bpM","workflowName":"My workflow","executionId":"142","nodeType":"n8n-nodes-base.httpRequest","nodeName":"GET DEALS LIST","nodeId":"22cbe1be-c274-4706-8528-8fef01e12bc3"}}
{"__type":"$$EventMessageConfirm","confirm":"070ce3c6-e2c8-4dac-829c-21c9f4bb3b6a","ts":"2025-09-17T04:26:40.394-04:00","source":{"id":"0","name":"eventBus"}}
{"__type":"$$EventMessageNode","id":"1617cb67-fb20-4cfe-8bfa-0c9b7b5285e0","ts":"2025-09-17T04:26:40.580-04:00","eventName":"n8n.node.finished","message":"n8n.node.finished","payload":{"workflowId":"ezV7uzO7Ca3v1bpM","workflowName":"My workflow","executionId":"142","nodeType":"n8n-nodes-base.httpRequest","nodeName":"GET DEALS LIST","nodeId":"22cbe1be-c274-4706-8528-8fef01e12bc3"}}
{"__type":"$$EventMessageConfirm","confirm":"1617cb67-fb20-4cfe-8bfa-0c9b7b5285e0","ts":"2025-09-17T04:26:40.580-04:00","source":{"id":"0","name":"eventBus"}}
{"__type":"$$EventMessageNode","id":"05a23b0a-7eee-423f-9421-09cc73e94e93","ts":"2025-09-17T04:26:40.580-04:00","eventName":"n8n.node.started","message":"n8n.node.started","payload":{"workflowId":"ezV7uzO7Ca3v1bpM","workflowName":"My workflow","executionId":"142","nodeType":"n8n-nodes-base.code","nodeName":"Code","nodeId":"69bcbca9-4718-4ef2-9510-f87c2ad554fd"}}
{"__type":"$$EventMessageConfirm","confirm":"05a23b0a-7eee-423f-9421-09cc73e94e93","ts":"2025-09-17T04:26:40.580-04:00","source":{"id":"0","name":"eventBus"}}
{"__type":"$$EventMessageNode","id":"120eb980-74ea-49ca-8a1e-b86ec1ffaa7c","ts":"2025-09-17T04:26:40.590-04:00","eventName":"n8n.node.finished","message":"n8n.node.finished","payload":{"workflowId":"ezV7uzO7Ca3v1bpM","workflowName":"My workflow","executionId":"142","nodeType":"n8n-nodes-base.code","nodeName":"Code","nodeId":"69bcbca9-4718-4ef2-9510-f87c2ad554fd"}}
{"__type":"$$EventMessageConfirm","confirm":"120eb980-74ea-49ca-8a1e-b86ec1ffaa7c","ts":"2025-09-17T04:26:40.590-04:00","source":{"id":"0","name":"eventBus"}}
{"__type":"$$EventMessageNode","id":"163520cf-5aa3-424c-9d7b-ef14c47a7bd6","ts":"2025-09-17T04:26:40.590-04:00","eventName":"n8n.node.started","message":"n8n.node.started","payload":{"workflowId":"ezV7uzO7Ca3v1bpM","workflowName":"My workflow","executionId":"142","nodeType":"n8n-nodes-base.if","nodeName":"check error3","nodeId":"a4db0492-3e0a-4592-a6b4-4f6107b4d654"}}
{"__type":"$$EventMessageConfirm","confirm":"163520cf-5aa3-424c-9d7b-ef14c47a7bd6","ts":"2025-09-17T04:26:40.590-04:00","source":{"id":"0","name":"eventBus"}}
{"__type":"$$EventMessageNode","id":"dfc603c3-c6ec-43ef-b90b-0dd5a389fbfe","ts":"2025-09-17T04:26:40.591-04:00","eventName":"n8n.node.finished","message":"n8n.node.finished","payload":{"workflowId":"ezV7uzO7Ca3v1bpM","workflowName":"My workflow","executionId":"142","nodeType":"n8n-nodes-base.if","nodeName":"check error3","nodeId":"a4db0492-3e0a-4592-a6b4-4f6107b4d654"}}
{"__type":"$$EventMessageConfirm","confirm":"dfc603c3-c6ec-43ef-b90b-0dd5a389fbfe","ts":"2025-09-17T04:26:40.591-04:00","source":{"id":"0","name":"eventBus"}}
{"__type":"$$EventMessageNode","id":"60db4999-b94a-4155-89e3-32cce1f28ec7","ts":"2025-09-17T04:26:40.591-04:00","eventName":"n8n.node.started","message":"n8n.node.started","payload":{"workflowId":"ezV7uzO7Ca3v1bpM","workflowName":"My workflow","executionId":"142","nodeType":"n8n-nodes-base.merge","nodeName":"Merge","nodeId":"e1e18455-ca7f-421f-a29e-4073207209c9"}}
{"__type":"$$EventMessageConfirm","confirm":"60db4999-b94a-4155-89e3-32cce1f28ec7","ts":"2025-09-17T04:26:40.591-04:00","source":{"id":"0","name":"eventBus"}}
{"__type":"$$EventMessageNode","id":"b172622c-cbf1-4c90-9e7d-92e05ab1d92c","ts":"2025-09-17T04:26:40.592-04:00","eventName":"n8n.node.finished","message":"n8n.node.finished","payload":{"workflowId":"ezV7uzO7Ca3v1bpM","workflowName":"My workflow","executionId":"142","nodeType":"n8n-nodes-base.merge","nodeName":"Merge","nodeId":"e1e18455-ca7f-421f-a29e-4073207209c9"}}
{"__type":"$$EventMessageConfirm","confirm":"b172622c-cbf1-4c90-9e7d-92e05ab1d92c","ts":"2025-09-17T04:26:40.592-04:00","source":{"id":"0","name":"eventBus"}}
{"__type":"$$EventMessageNode","id":"beb42a39-6c56-4eeb-aa35-63ab061900e5","ts":"2025-09-17T04:26:40.592-04:00","eventName":"n8n.node.started","message":"n8n.node.started","payload":{"workflowId":"ezV7uzO7Ca3v1bpM","workflowName":"My workflow","executionId":"142","nodeType":"n8n-nodes-base.code","nodeName":"Code1","nodeId":"72c06493-ba73-40d8-8ab8-8207c7ee600a"}}
{"__type":"$$EventMessageConfirm","confirm":"beb42a39-6c56-4eeb-aa35-63ab061900e5","ts":"2025-09-17T04:26:40.592-04:00","source":{"id":"0","name":"eventBus"}}
{"__type":"$$EventMessageNode","id":"9dab3590-72d0-4294-9bad-133992a4db7f","ts":"2025-09-17T04:26:40.602-04:00","eventName":"n8n.node.finished","message":"n8n.node.finished","payload":{"workflowId":"ezV7uzO7Ca3v1bpM","workflowName":"My workflow","executionId":"142","nodeType":"n8n-nodes-base.code","nodeName":"Code1","nodeId":"72c06493-ba73-40d8-8ab8-8207c7ee600a"}}
{"__type":"$$EventMessageConfirm","confirm":"9dab3590-72d0-4294-9bad-133992a4db7f","ts":"2025-09-17T04:26:40.602-04:00","source":{"id":"0","name":"eventBus"}}
{"__type":"$$EventMessageNode","id":"ec34a60e-ee02-4101-a704-de0632d0495c","ts":"2025-09-17T04:26:40.602-04:00","eventName":"n8n.node.started","message":"n8n.node.started","payload":{"workflowId":"ezV7uzO7Ca3v1bpM","workflowName":"My workflow","executionId":"142","nodeType":"n8n-nodes-base.if","nodeName":"check for cycle ends","nodeId":"2e2304ad-fcfc-470b-976f-13a51f6942ff"}}
{"__type":"$$EventMessageConfirm","confirm":"ec34a60e-ee02-4101-a704-de0632d0495c","ts":"2025-09-17T04:26:40.602-04:00","source":{"id":"0","name":"eventBus"}}
{"__type":"$$EventMessageNode","id":"01973b86-dcc2-4352-9cae-ac9294c188cc","ts":"2025-09-17T04:26:40.603-04:00","eventName":"n8n.node.finished","message":"n8n.node.finished","payload":{"workflowId":"ezV7uzO7Ca3v1bpM","workflowName":"My workflow","executionId":"142","nodeType":"n8n-nodes-base.if","nodeName":"check for cycle ends","nodeId":"2e2304ad-fcfc-470b-976f-13a51f6942ff"}}
{"__type":"$$EventMessageConfirm","confirm":"01973b86-dcc2-4352-9cae-ac9294c188cc","ts":"2025-09-17T04:26:40.603-04:00","source":{"id":"0","name":"eventBus"}}
{"__type":"$$EventMessageNode","id":"946091c4-2f62-43fb-8d33-488689d24db7","ts":"2025-09-17T04:26:40.603-04:00","eventName":"n8n.node.started","message":"n8n.node.started","payload":{"workflowId":"ezV7uzO7Ca3v1bpM","workflowName":"My workflow","executionId":"142","nodeType":"n8n-nodes-base.set","nodeName":"prepare params for statistics","nodeId":"046f93e9-c857-47b9-b487-49b7d0873f80"}}
{"__type":"$$EventMessageConfirm","confirm":"946091c4-2f62-43fb-8d33-488689d24db7","ts":"2025-09-17T04:26:40.604-04:00","source":{"id":"0","name":"eventBus"}}
{"__type":"$$EventMessageNode","id":"da15dbc0-f122-45d3-91e5-3ce8ea9e5869","ts":"2025-09-17T04:26:40.604-04:00","eventName":"n8n.node.finished","message":"n8n.node.finished","payload":{"workflowId":"ezV7uzO7Ca3v1bpM","workflowName":"My workflow","executionId":"142","nodeType":"n8n-nodes-base.set","nodeName":"prepare params for statistics","nodeId":"046f93e9-c857-47b9-b487-49b7d0873f80"}}
{"__type":"$$EventMessageConfirm","confirm":"da15dbc0-f122-45d3-91e5-3ce8ea9e5869","ts":"2025-09-17T04:26:40.604-04:00","source":{"id":"0","name":"eventBus"}}
{"__type":"$$EventMessageNode","id":"209cc681-1afe-48d9-947e-16725422b483","ts":"2025-09-17T04:26:40.604-04:00","eventName":"n8n.node.started","message":"n8n.node.started","payload":{"workflowId":"ezV7uzO7Ca3v1bpM","workflowName":"My workflow","executionId":"142","nodeType":"n8n-nodes-base.httpRequest","nodeName":"GET DEALS LIST","nodeId":"22cbe1be-c274-4706-8528-8fef01e12bc3"}}
{"__type":"$$EventMessageConfirm","confirm":"209cc681-1afe-48d9-947e-16725422b483","ts":"2025-09-17T04:26:40.604-04:00","source":{"id":"0","name":"eventBus"}}
{"__type":"$$EventMessageNode","id":"1527c050-1dce-4c11-b103-345875811d36","ts":"2025-09-17T04:26:40.785-04:00","eventName":"n8n.node.finished","message":"n8n.node.finished","payload":{"workflowId":"ezV7uzO7Ca3v1bpM","workflowName":"My workflow","executionId":"142","nodeType":"n8n-nodes-base.httpRequest","nodeName":"GET DEALS LIST","nodeId":"22cbe1be-c274-4706-8528-8fef01e12bc3"}}
{"__type":"$$EventMessageConfirm","confirm":"1527c050-1dce-4c11-b103-345875811d36","ts":"2025-09-17T04:26:40.785-04:00","source":{"id":"0","name":"eventBus"}}
{"__type":"$$EventMessageNode","id":"dad3ac1d-c28b-4c86-88ee-217815c3d2ac","ts":"2025-09-17T04:26:40.785-04:00","eventName":"n8n.node.started","message":"n8n.node.started","payload":{"workflowId":"ezV7uzO7Ca3v1bpM","workflowName":"My workflow","executionId":"142","nodeType":"n8n-nodes-base.code","nodeName":"Code","nodeId":"69bcbca9-4718-4ef2-9510-f87c2ad554fd"}}
{"__type":"$$EventMessageConfirm","confirm":"dad3ac1d-c28b-4c86-88ee-217815c3d2ac","ts":"2025-09-17T04:26:40.785-04:00","source":{"id":"0","name":"eventBus"}}
{"__type":"$$EventMessageNode","id":"6ff93200-ebbe-495c-b680-e31be94af313","ts":"2025-09-17T04:26:40.791-04:00","eventName":"n8n.node.finished","message":"n8n.node.finished","payload":{"workflowId":"ezV7uzO7Ca3v1bpM","workflowName":"My workflow","executionId":"142","nodeType":"n8n-nodes-base.code","nodeName":"Code","nodeId":"69bcbca9-4718-4ef2-9510-f87c2ad554fd"}}
{"__type":"$$EventMessageConfirm","confirm":"6ff93200-ebbe-495c-b680-e31be94af313","ts":"2025-09-17T04:26:40.791-04:00","source":{"id":"0","name":"eventBus"}}
{"__type":"$$EventMessageNode","id":"62412769-98bf-4c26-9122-233fe761362d","ts":"2025-09-17T04:26:40.791-04:00","eventName":"n8n.node.started","message":"n8n.node.started","payload":{"workflowId":"ezV7uzO7Ca3v1bpM","workflowName":"My workflow","executionId":"142","nodeType":"n8n-nodes-base.if","nodeName":"check error3","nodeId":"a4db0492-3e0a-4592-a6b4-4f6107b4d654"}}
{"__type":"$$EventMessageConfirm","confirm":"62412769-98bf-4c26-9122-233fe761362d","ts":"2025-09-17T04:26:40.791-04:00","source":{"id":"0","name":"eventBus"}}
{"__type":"$$EventMessageNode","id":"4448ddcf-0b64-407c-b054-841ecc3ae78d","ts":"2025-09-17T04:26:40.792-04:00","eventName":"n8n.node.finished","message":"n8n.node.finished","payload":{"workflowId":"ezV7uzO7Ca3v1bpM","workflowName":"My workflow","executionId":"142","nodeType":"n8n-nodes-base.if","nodeName":"check error3","nodeId":"a4db0492-3e0a-4592-a6b4-4f6107b4d654"}}
{"__type":"$$EventMessageConfirm","confirm":"4448ddcf-0b64-407c-b054-841ecc3ae78d","ts":"2025-09-17T04:26:40.792-04:00","source":{"id":"0","name":"eventBus"}}
{"__type":"$$EventMessageNode","id":"dd228e10-4f6b-4782-8b4f-aa916cb7818a","ts":"2025-09-17T04:26:40.793-04:00","eventName":"n8n.node.started","message":"n8n.node.started","payload":{"workflowId":"ezV7uzO7Ca3v1bpM","workflowName":"My workflow","executionId":"142","nodeType":"n8n-nodes-base.merge","nodeName":"Merge","nodeId":"e1e18455-ca7f-421f-a29e-4073207209c9"}}
{"__type":"$$EventMessageConfirm","confirm":"dd228e10-4f6b-4782-8b4f-aa916cb7818a","ts":"2025-09-17T04:26:40.793-04:00","source":{"id":"0","name":"eventBus"}}
{"__type":"$$EventMessageNode","id":"4dc8cf4a-dba1-4f95-bd55-f43b85524544","ts":"2025-09-17T04:26:40.794-04:00","eventName":"n8n.node.finished","message":"n8n.node.finished","payload":{"workflowId":"ezV7uzO7Ca3v1bpM","workflowName":"My workflow","executionId":"142","nodeType":"n8n-nodes-base.merge","nodeName":"Merge","nodeId":"e1e18455-ca7f-421f-a29e-4073207209c9"}}
{"__type":"$$EventMessageConfirm","confirm":"4dc8cf4a-dba1-4f95-bd55-f43b85524544","ts":"2025-09-17T04:26:40.794-04:00","source":{"id":"0","name":"eventBus"}}
{"__type":"$$EventMessageNode","id":"5a64fd4f-887a-4e43-aa55-efd9fdbcd05e","ts":"2025-09-17T04:26:40.794-04:00","eventName":"n8n.node.started","message":"n8n.node.started","payload":{"workflowId":"ezV7uzO7Ca3v1bpM","workflowName":"My workflow","executionId":"142","nodeType":"n8n-nodes-base.code","nodeName":"Code1","nodeId":"72c06493-ba73-40d8-8ab8-8207c7ee600a"}}
{"__type":"$$EventMessageConfirm","confirm":"5a64fd4f-887a-4e43-aa55-efd9fdbcd05e","ts":"2025-09-17T04:26:40.794-04:00","source":{"id":"0","name":"eventBus"}}
{"__type":"$$EventMessageNode","id":"909ebdb3-41eb-48dc-8024-357d12505076","ts":"2025-09-17T04:26:40.805-04:00","eventName":"n8n.node.finished","message":"n8n.node.finished","payload":{"workflowId":"ezV7uzO7Ca3v1bpM","workflowName":"My workflow","executionId":"142","nodeType":"n8n-nodes-base.code","nodeName":"Code1","nodeId":"72c06493-ba73-40d8-8ab8-8207c7ee600a"}}
{"__type":"$$EventMessageConfirm","confirm":"909ebdb3-41eb-48dc-8024-357d12505076","ts":"2025-09-17T04:26:40.805-04:00","source":{"id":"0","name":"eventBus"}}
{"__type":"$$EventMessageNode","id":"7a2f145f-bf18-4dc7-b3e3-d5b620cb7644","ts":"2025-09-17T04:26:40.806-04:00","eventName":"n8n.node.started","message":"n8n.node.started","payload":{"workflowId":"ezV7uzO7Ca3v1bpM","workflowName":"My workflow","executionId":"142","nodeType":"n8n-nodes-base.if","nodeName":"check for cycle ends","nodeId":"2e2304ad-fcfc-470b-976f-13a51f6942ff"}}
{"__type":"$$EventMessageConfirm","confirm":"7a2f145f-bf18-4dc7-b3e3-d5b620cb7644","ts":"2025-09-17T04:26:40.806-04:00","source":{"id":"0","name":"eventBus"}}
{"__type":"$$EventMessageNode","id":"3abfdb78-b70a-4c35-bcbb-69fd3f91ea51","ts":"2025-09-17T04:26:40.807-04:00","eventName":"n8n.node.finished","message":"n8n.node.finished","payload":{"workflowId":"ezV7uzO7Ca3v1bpM","workflowName":"My workflow","executionId":"142","nodeType":"n8n-nodes-base.if","nodeName":"check for cycle ends","nodeId":"2e2304ad-fcfc-470b-976f-13a51f6942ff"}}
{"__type":"$$EventMessageConfirm","confirm":"3abfdb78-b70a-4c35-bcbb-69fd3f91ea51","ts":"2025-09-17T04:26:40.807-04:00","source":{"id":"0","name":"eventBus"}}
{"__type":"$$EventMessageNode","id":"f802d5bc-3fc4-44a8-be85-f9d87e06e3c1","ts":"2025-09-17T04:26:40.807-04:00","eventName":"n8n.node.started","message":"n8n.node.started","payload":{"workflowId":"ezV7uzO7Ca3v1bpM","workflowName":"My workflow","executionId":"142","nodeType":"n8n-nodes-base.set","nodeName":"prepare params for statistics","nodeId":"046f93e9-c857-47b9-b487-49b7d0873f80"}}
{"__type":"$$EventMessageConfirm","confirm":"f802d5bc-3fc4-44a8-be85-f9d87e06e3c1","ts":"2025-09-17T04:26:40.807-04:00","source":{"id":"0","name":"eventBus"}}
{"__type":"$$EventMessageNode","id":"b97826ab-7c11-48b1-8261-28191a8f5642","ts":"2025-09-17T04:26:40.808-04:00","eventName":"n8n.node.finished","message":"n8n.node.finished","payload":{"workflowId":"ezV7uzO7Ca3v1bpM","workflowName":"My workflow","executionId":"142","nodeType":"n8n-nodes-base.set","nodeName":"prepare params for statistics","nodeId":"046f93e9-c857-47b9-b487-49b7d0873f80"}}
{"__type":"$$EventMessageConfirm","confirm":"b97826ab-7c11-48b1-8261-28191a8f5642","ts":"2025-09-17T04:26:40.808-04:00","source":{"id":"0","name":"eventBus"}}
{"__type":"$$EventMessageNode","id":"6ebb08ec-4380-40b9-abd2-1bca35f1cbbe","ts":"2025-09-17T04:26:40.808-04:00","eventName":"n8n.node.started","message":"n8n.node.started","payload":{"workflowId":"ezV7uzO7Ca3v1bpM","workflowName":"My workflow","executionId":"142","nodeType":"n8n-nodes-base.httpRequest","nodeName":"GET DEALS LIST","nodeId":"22cbe1be-c274-4706-8528-8fef01e12bc3"}}
{"__type":"$$EventMessageConfirm","confirm":"6ebb08ec-4380-40b9-abd2-1bca35f1cbbe","ts":"2025-09-17T04:26:40.808-04:00","source":{"id":"0","name":"eventBus"}}
{"__type":"$$EventMessageNode","id":"2ea0ea20-b761-4211-a271-25eddcbc00a8","ts":"2025-09-17T04:26:41.000-04:00","eventName":"n8n.node.finished","message":"n8n.node.finished","payload":{"workflowId":"ezV7uzO7Ca3v1bpM","workflowName":"My workflow","executionId":"142","nodeType":"n8n-nodes-base.httpRequest","nodeName":"GET DEALS LIST","nodeId":"22cbe1be-c274-4706-8528-8fef01e12bc3"}}
{"__type":"$$EventMessageConfirm","confirm":"2ea0ea20-b761-4211-a271-25eddcbc00a8","ts":"2025-09-17T04:26:41.000-04:00","source":{"id":"0","name":"eventBus"}}
{"__type":"$$EventMessageNode","id":"a2a0e771-35d6-406e-9cd9-efdf476ffa89","ts":"2025-09-17T04:26:41.000-04:00","eventName":"n8n.node.started","message":"n8n.node.started","payload":{"workflowId":"ezV7uzO7Ca3v1bpM","workflowName":"My workflow","executionId":"142","nodeType":"n8n-nodes-base.code","nodeName":"Code","nodeId":"69bcbca9-4718-4ef2-9510-f87c2ad554fd"}}
{"__type":"$$EventMessageConfirm","confirm":"a2a0e771-35d6-406e-9cd9-efdf476ffa89","ts":"2025-09-17T04:26:41.000-04:00","source":{"id":"0","name":"eventBus"}}
{"__type":"$$EventMessageNode","id":"29f186f1-54bd-4e0a-bcb4-afa4b905e6d1","ts":"2025-09-17T04:26:41.005-04:00","eventName":"n8n.node.finished","message":"n8n.node.finished","payload":{"workflowId":"ezV7uzO7Ca3v1bpM","workflowName":"My workflow","executionId":"142","nodeType":"n8n-nodes-base.code","nodeName":"Code","nodeId":"69bcbca9-4718-4ef2-9510-f87c2ad554fd"}}
{"__type":"$$EventMessageConfirm","confirm":"29f186f1-54bd-4e0a-bcb4-afa4b905e6d1","ts":"2025-09-17T04:26:41.005-04:00","source":{"id":"0","name":"eventBus"}}
{"__type":"$$EventMessageNode","id":"c78f0674-4e23-469f-bb39-c307338ac405","ts":"2025-09-17T04:26:41.006-04:00","eventName":"n8n.node.started","message":"n8n.node.started","payload":{"workflowId":"ezV7uzO7Ca3v1bpM","workflowName":"My workflow","executionId":"142","nodeType":"n8n-nodes-base.if","nodeName":"check error3","nodeId":"a4db0492-3e0a-4592-a6b4-4f6107b4d654"}}
{"__type":"$$EventMessageConfirm","confirm":"c78f0674-4e23-469f-bb39-c307338ac405","ts":"2025-09-17T04:26:41.006-04:00","source":{"id":"0","name":"eventBus"}}
{"__type":"$$EventMessageNode","id":"28553340-33c6-4181-8c90-276f757440c4","ts":"2025-09-17T04:26:41.006-04:00","eventName":"n8n.node.finished","message":"n8n.node.finished","payload":{"workflowId":"ezV7uzO7Ca3v1bpM","workflowName":"My workflow","executionId":"142","nodeType":"n8n-nodes-base.if","nodeName":"check error3","nodeId":"a4db0492-3e0a-4592-a6b4-4f6107b4d654"}}
{"__type":"$$EventMessageConfirm","confirm":"28553340-33c6-4181-8c90-276f757440c4","ts":"2025-09-17T04:26:41.006-04:00","source":{"id":"0","name":"eventBus"}}
{"__type":"$$EventMessageNode","id":"e05c845a-75a3-418b-9fdd-deded3b99f9e","ts":"2025-09-17T04:26:41.006-04:00","eventName":"n8n.node.started","message":"n8n.node.started","payload":{"workflowId":"ezV7uzO7Ca3v1bpM","workflowName":"My workflow","executionId":"142","nodeType":"n8n-nodes-base.merge","nodeName":"Merge","nodeId":"e1e18455-ca7f-421f-a29e-4073207209c9"}}
{"__type":"$$EventMessageConfirm","confirm":"e05c845a-75a3-418b-9fdd-deded3b99f9e","ts":"2025-09-17T04:26:41.006-04:00","source":{"id":"0","name":"eventBus"}}
{"__type":"$$EventMessageNode","id":"58f9fd26-3689-4ee6-bd9d-4fd66e5efc13","ts":"2025-09-17T04:26:41.007-04:00","eventName":"n8n.node.finished","message":"n8n.node.finished","payload":{"workflowId":"ezV7uzO7Ca3v1bpM","workflowName":"My workflow","executionId":"142","nodeType":"n8n-nodes-base.merge","nodeName":"Merge","nodeId":"e1e18455-ca7f-421f-a29e-4073207209c9"}}
{"__type":"$$EventMessageConfirm","confirm":"58f9fd26-3689-4ee6-bd9d-4fd66e5efc13","ts":"2025-09-17T04:26:41.007-04:00","source":{"id":"0","name":"eventBus"}}
{"__type":"$$EventMessageNode","id":"ccd724e5-ee4e-4bda-85d8-5be344f5b27c","ts":"2025-09-17T04:26:41.007-04:00","eventName":"n8n.node.started","message":"n8n.node.started","payload":{"workflowId":"ezV7uzO7Ca3v1bpM","workflowName":"My workflow","executionId":"142","nodeType":"n8n-nodes-base.code","nodeName":"Code1","nodeId":"72c06493-ba73-40d8-8ab8-8207c7ee600a"}}
{"__type":"$$EventMessageConfirm","confirm":"ccd724e5-ee4e-4bda-85d8-5be344f5b27c","ts":"2025-09-17T04:26:41.007-04:00","source":{"id":"0","name":"eventBus"}}
{"__type":"$$EventMessageNode","id":"fbcac9e1-5dbf-4eee-925b-bae1140d3823","ts":"2025-09-17T04:26:41.015-04:00","eventName":"n8n.node.finished","message":"n8n.node.finished","payload":{"workflowId":"ezV7uzO7Ca3v1bpM","workflowName":"My workflow","executionId":"142","nodeType":"n8n-nodes-base.code","nodeName":"Code1","nodeId":"72c06493-ba73-40d8-8ab8-8207c7ee600a"}}
{"__type":"$$EventMessageConfirm","confirm":"fbcac9e1-5dbf-4eee-925b-bae1140d3823","ts":"2025-09-17T04:26:41.015-04:00","source":{"id":"0","name":"eventBus"}}
{"__type":"$$EventMessageNode","id":"9bb5eca9-ba20-4439-9e8c-e1a8be521d5d","ts":"2025-09-17T04:26:41.015-04:00","eventName":"n8n.node.started","message":"n8n.node.started","payload":{"workflowId":"ezV7uzO7Ca3v1bpM","workflowName":"My workflow","executionId":"142","nodeType":"n8n-nodes-base.if","nodeName":"check for cycle ends","nodeId":"2e2304ad-fcfc-470b-976f-13a51f6942ff"}}
{"__type":"$$EventMessageConfirm","confirm":"9bb5eca9-ba20-4439-9e8c-e1a8be521d5d","ts":"2025-09-17T04:26:41.015-04:00","source":{"id":"0","name":"eventBus"}}
{"__type":"$$EventMessageNode","id":"40381a52-e49a-4512-90f5-0892c42a845c","ts":"2025-09-17T04:26:41.016-04:00","eventName":"n8n.node.finished","message":"n8n.node.finished","payload":{"workflowId":"ezV7uzO7Ca3v1bpM","workflowName":"My workflow","executionId":"142","nodeType":"n8n-nodes-base.if","nodeName":"check for cycle ends","nodeId":"2e2304ad-fcfc-470b-976f-13a51f6942ff"}}
{"__type":"$$EventMessageConfirm","confirm":"40381a52-e49a-4512-90f5-0892c42a845c","ts":"2025-09-17T04:26:41.016-04:00","source":{"id":"0","name":"eventBus"}}
{"__type":"$$EventMessageNode","id":"a430bbba-9008-4ba3-9cc5-ce42ea437a8f","ts":"2025-09-17T04:26:41.016-04:00","eventName":"n8n.node.started","message":"n8n.node.started","payload":{"workflowId":"ezV7uzO7Ca3v1bpM","workflowName":"My workflow","executionId":"142","nodeType":"n8n-nodes-base.code","nodeName":"Code6","nodeId":"8dab0a25-f454-4038-a6b0-83597b75d261"}}
{"__type":"$$EventMessageConfirm","confirm":"a430bbba-9008-4ba3-9cc5-ce42ea437a8f","ts":"2025-09-17T04:26:41.016-04:00","source":{"id":"0","name":"eventBus"}}
{"__type":"$$EventMessageNode","id":"394b24e0-aa87-449d-b2f6-8b4c3ca4a4c3","ts":"2025-09-17T04:26:41.020-04:00","eventName":"n8n.node.finished","message":"n8n.node.finished","payload":{"workflowId":"ezV7uzO7Ca3v1bpM","workflowName":"My workflow","executionId":"142","nodeType":"n8n-nodes-base.code","nodeName":"Code6","nodeId":"8dab0a25-f454-4038-a6b0-83597b75d261"}}
{"__type":"$$EventMessageConfirm","confirm":"394b24e0-aa87-449d-b2f6-8b4c3ca4a4c3","ts":"2025-09-17T04:26:41.020-04:00","source":{"id":"0","name":"eventBus"}}
{"__type":"$$EventMessageNode","id":"49e6619b-0444-401b-8419-081b778a1765","ts":"2025-09-17T04:26:41.020-04:00","eventName":"n8n.node.started","message":"n8n.node.started","payload":{"workflowId":"ezV7uzO7Ca3v1bpM","workflowName":"My workflow","executionId":"142","nodeType":"n8n-nodes-base.respondToWebhook","nodeName":"RETURN STATISTICS","nodeId":"de929f1f-294b-48b3-94a7-2a09d2d41695"}}
{"__type":"$$EventMessageConfirm","confirm":"49e6619b-0444-401b-8419-081b778a1765","ts":"2025-09-17T04:26:41.020-04:00","source":{"id":"0","name":"eventBus"}}
{"__type":"$$EventMessageNode","id":"08f515c0-09f3-4729-86f2-01ec33adeaeb","ts":"2025-09-17T04:26:41.021-04:00","eventName":"n8n.node.finished","message":"n8n.node.finished","payload":{"workflowId":"ezV7uzO7Ca3v1bpM","workflowName":"My workflow","executionId":"142","nodeType":"n8n-nodes-base.respondToWebhook","nodeName":"RETURN STATISTICS","nodeId":"de929f1f-294b-48b3-94a7-2a09d2d41695"}}
{"__type":"$$EventMessageConfirm","confirm":"08f515c0-09f3-4729-86f2-01ec33adeaeb","ts":"2025-09-17T04:26:41.021-04:00","source":{"id":"0","name":"eventBus"}}
{"__type":"$$EventMessageWorkflow","id":"06f5c8ac-d237-4c1e-a445-6050c72cdeae","ts":"2025-09-17T04:26:41.022-04:00","eventName":"n8n.workflow.success","message":"n8n.workflow.success","payload":{"executionId":"142","success":true,"isManual":false,"workflowId":"ezV7uzO7Ca3v1bpM","workflowName":"My workflow"}}
{"__type":"$$EventMessageConfirm","confirm":"06f5c8ac-d237-4c1e-a445-6050c72cdeae","ts":"2025-09-17T04:26:41.022-04:00","source":{"id":"0","name":"eventBus"}}
